This file contains any messages produced by compilers while
running configure, to aid debugging if configure makes a mistake.

It was created by configure, which was
generated by GNU Autoconf 2.69.  Invocation command line was

  $ /Users/travisgalloway/github/h2o/deps/mruby-file-stat/configure 

## --------- ##
## Platform. ##
## --------- ##

hostname = Traviss-MBP
uname -m = x86_64
uname -r = 16.7.0
uname -s = Darwin
uname -v = Darwin Kernel Version 16.7.0: Thu Jun 15 17:36:27 PDT 2017; root:xnu-3789.70.16~2/RELEASE_X86_64

/usr/bin/uname -p = i386
/bin/uname -X     = unknown

/bin/arch              = unknown
/usr/bin/arch -k       = unknown
/usr/convex/getsysinfo = unknown
/usr/bin/hostinfo      = Mach kernel version:
	 Darwin Kernel Version 16.7.0: Thu Jun 15 17:36:27 PDT 2017; root:xnu-3789.70.16~2/RELEASE_X86_64
Kernel configured for up to 8 processors.
4 processors are physically available.
8 processors are logically available.
Processor type: x86_64h (Intel x86-64h Haswell)
Processors active: 0 1 2 3 4 5 6 7
Primary memory available: 16.00 gigabytes
Default processor set: 322 tasks, 1104 threads, 8 processors
Load average: 2.23, Mach factor: 5.76
/bin/machine           = unknown
/usr/bin/oslevel       = unknown
/bin/universe          = unknown

PATH: /Users/travisgalloway/.rvm/gems/ruby-2.4.0/bin
PATH: /Users/travisgalloway/.rvm/gems/ruby-2.4.0@global/bin
PATH: /Users/travisgalloway/.rvm/rubies/ruby-2.4.0/bin
PATH: /usr/local/bin
PATH: /usr/bin
PATH: /bin
PATH: /usr/sbin
PATH: /sbin
PATH: /Users/travisgalloway/.rvm/bin


## ----------- ##
## Core tests. ##
## ----------- ##

configure:2096: checking for gcc
configure:2123: result: clang -g -std=gnu99 -O3 -Wall -Werror-implicit-function-declaration -Wdeclaration-after-statement -Wwrite-strings
configure:2352: checking for C compiler version
configure:2361: clang -g -std=gnu99 -O3 -Wall -Werror-implicit-function-declaration -Wdeclaration-after-statement -Wwrite-strings --version >&5
Apple LLVM version 8.1.0 (clang-802.0.42)
Target: x86_64-apple-darwin16.7.0
Thread model: posix
InstalledDir: /Library/Developer/CommandLineTools/usr/bin
configure:2372: $? = 0
configure:2361: clang -g -std=gnu99 -O3 -Wall -Werror-implicit-function-declaration -Wdeclaration-after-statement -Wwrite-strings -v >&5
Apple LLVM version 8.1.0 (clang-802.0.42)
Target: x86_64-apple-darwin16.7.0
Thread model: posix
InstalledDir: /Library/Developer/CommandLineTools/usr/bin
clang: warning: argument unused during compilation: '-g' [-Wunused-command-line-argument]
clang: warning: argument unused during compilation: '-std=gnu99' [-Wunused-command-line-argument]
clang: warning: argument unused during compilation: '-O3' [-Wunused-command-line-argument]
clang: warning: argument unused during compilation: '-Wall' [-Wunused-command-line-argument]
clang: warning: argument unused during compilation: '-Werror-implicit-function-declaration' [-Wunused-command-line-argument]
clang: warning: argument unused during compilation: '-Wdeclaration-after-statement' [-Wunused-command-line-argument]
... rest of stderr output deleted ...
configure:2372: $? = 0
configure:2361: clang -g -std=gnu99 -O3 -Wall -Werror-implicit-function-declaration -Wdeclaration-after-statement -Wwrite-strings -V >&5
clang: error: argument to '-V' is missing (expected 1 value)
clang: error: no input files
configure:2372: $? = 1
configure:2361: clang -g -std=gnu99 -O3 -Wall -Werror-implicit-function-declaration -Wdeclaration-after-statement -Wwrite-strings -qversion >&5
clang: error: unknown argument: '-qversion'
clang: error: no input files
configure:2372: $? = 1
configure:2392: checking whether the C compiler works
configure:2414: clang -g -std=gnu99 -O3 -Wall -Werror-implicit-function-declaration -Wdeclaration-after-statement -Wwrite-strings    conftest.c  >&5
configure:2418: $? = 0
configure:2466: result: yes
configure:2469: checking for C compiler default output file name
configure:2471: result: a.out
configure:2477: checking for suffix of executables
configure:2484: clang -g -std=gnu99 -O3 -Wall -Werror-implicit-function-declaration -Wdeclaration-after-statement -Wwrite-strings -o conftest    conftest.c  >&5
configure:2488: $? = 0
configure:2510: result: 
configure:2532: checking whether we are cross compiling
configure:2540: clang -g -std=gnu99 -O3 -Wall -Werror-implicit-function-declaration -Wdeclaration-after-statement -Wwrite-strings -o conftest    conftest.c  >&5
configure:2544: $? = 0
configure:2551: ./conftest
configure:2555: $? = 0
configure:2570: result: no
configure:2575: checking for suffix of object files
configure:2597: clang -g -std=gnu99 -O3 -Wall -Werror-implicit-function-declaration -Wdeclaration-after-statement -Wwrite-strings -c   conftest.c >&5
configure:2601: $? = 0
configure:2622: result: o
configure:2626: checking whether we are using the GNU C compiler
configure:2645: clang -g -std=gnu99 -O3 -Wall -Werror-implicit-function-declaration -Wdeclaration-after-statement -Wwrite-strings -c   conftest.c >&5
configure:2645: $? = 0
configure:2654: result: yes
configure:2663: checking whether clang -g -std=gnu99 -O3 -Wall -Werror-implicit-function-declaration -Wdeclaration-after-statement -Wwrite-strings accepts -g
configure:2683: clang -g -std=gnu99 -O3 -Wall -Werror-implicit-function-declaration -Wdeclaration-after-statement -Wwrite-strings -c -g  conftest.c >&5
configure:2683: $? = 0
configure:2724: result: yes
configure:2741: checking for clang -g -std=gnu99 -O3 -Wall -Werror-implicit-function-declaration -Wdeclaration-after-statement -Wwrite-strings option to accept ISO C89
configure:2804: clang -g -std=gnu99 -O3 -Wall -Werror-implicit-function-declaration -Wdeclaration-after-statement -Wwrite-strings  -c -g -O2  conftest.c >&5
configure:2804: $? = 0
configure:2817: result: none needed
configure:2848: checking how to run the C preprocessor
configure:2879: clang -g -std=gnu99 -O3 -Wall -Werror-implicit-function-declaration -Wdeclaration-after-statement -Wwrite-strings -E  conftest.c
configure:2879: $? = 0
configure:2893: clang -g -std=gnu99 -O3 -Wall -Werror-implicit-function-declaration -Wdeclaration-after-statement -Wwrite-strings -E  conftest.c
conftest.c:9:10: fatal error: 'ac_nonexistent.h' file not found
#include <ac_nonexistent.h>
         ^
1 error generated.
configure:2893: $? = 1
configure: failed program was:
| /* confdefs.h */
| #define PACKAGE_NAME ""
| #define PACKAGE_TARNAME ""
| #define PACKAGE_VERSION ""
| #define PACKAGE_STRING ""
| #define PACKAGE_BUGREPORT ""
| #define PACKAGE_URL ""
| /* end confdefs.h.  */
| #include <ac_nonexistent.h>
configure:2918: result: clang -g -std=gnu99 -O3 -Wall -Werror-implicit-function-declaration -Wdeclaration-after-statement -Wwrite-strings -E
configure:2938: clang -g -std=gnu99 -O3 -Wall -Werror-implicit-function-declaration -Wdeclaration-after-statement -Wwrite-strings -E  conftest.c
configure:2938: $? = 0
configure:2952: clang -g -std=gnu99 -O3 -Wall -Werror-implicit-function-declaration -Wdeclaration-after-statement -Wwrite-strings -E  conftest.c
conftest.c:9:10: fatal error: 'ac_nonexistent.h' file not found
#include <ac_nonexistent.h>
         ^
1 error generated.
configure:2952: $? = 1
configure: failed program was:
| /* confdefs.h */
| #define PACKAGE_NAME ""
| #define PACKAGE_TARNAME ""
| #define PACKAGE_VERSION ""
| #define PACKAGE_STRING ""
| #define PACKAGE_BUGREPORT ""
| #define PACKAGE_URL ""
| /* end confdefs.h.  */
| #include <ac_nonexistent.h>
configure:2981: checking for grep that handles long lines and -e
configure:3039: result: /usr/bin/grep
configure:3044: checking for egrep
configure:3106: result: /usr/bin/grep -E
configure:3111: checking for ANSI C header files
configure:3131: clang -g -std=gnu99 -O3 -Wall -Werror-implicit-function-declaration -Wdeclaration-after-statement -Wwrite-strings -c -g -O2  conftest.c >&5
configure:3131: $? = 0
configure:3204: clang -g -std=gnu99 -O3 -Wall -Werror-implicit-function-declaration -Wdeclaration-after-statement -Wwrite-strings -o conftest -g -O2   conftest.c  >&5
configure:3204: $? = 0
configure:3204: ./conftest
configure:3204: $? = 0
configure:3215: result: yes
configure:3228: checking for sys/types.h
configure:3228: clang -g -std=gnu99 -O3 -Wall -Werror-implicit-function-declaration -Wdeclaration-after-statement -Wwrite-strings -c -g -O2  conftest.c >&5
configure:3228: $? = 0
configure:3228: result: yes
configure:3228: checking for sys/stat.h
configure:3228: clang -g -std=gnu99 -O3 -Wall -Werror-implicit-function-declaration -Wdeclaration-after-statement -Wwrite-strings -c -g -O2  conftest.c >&5
configure:3228: $? = 0
configure:3228: result: yes
configure:3228: checking for stdlib.h
configure:3228: clang -g -std=gnu99 -O3 -Wall -Werror-implicit-function-declaration -Wdeclaration-after-statement -Wwrite-strings -c -g -O2  conftest.c >&5
configure:3228: $? = 0
configure:3228: result: yes
configure:3228: checking for string.h
configure:3228: clang -g -std=gnu99 -O3 -Wall -Werror-implicit-function-declaration -Wdeclaration-after-statement -Wwrite-strings -c -g -O2  conftest.c >&5
configure:3228: $? = 0
configure:3228: result: yes
configure:3228: checking for memory.h
configure:3228: clang -g -std=gnu99 -O3 -Wall -Werror-implicit-function-declaration -Wdeclaration-after-statement -Wwrite-strings -c -g -O2  conftest.c >&5
configure:3228: $? = 0
configure:3228: result: yes
configure:3228: checking for strings.h
configure:3228: clang -g -std=gnu99 -O3 -Wall -Werror-implicit-function-declaration -Wdeclaration-after-statement -Wwrite-strings -c -g -O2  conftest.c >&5
configure:3228: $? = 0
configure:3228: result: yes
configure:3228: checking for inttypes.h
configure:3228: clang -g -std=gnu99 -O3 -Wall -Werror-implicit-function-declaration -Wdeclaration-after-statement -Wwrite-strings -c -g -O2  conftest.c >&5
configure:3228: $? = 0
configure:3228: result: yes
configure:3228: checking for stdint.h
configure:3228: clang -g -std=gnu99 -O3 -Wall -Werror-implicit-function-declaration -Wdeclaration-after-statement -Wwrite-strings -c -g -O2  conftest.c >&5
configure:3228: $? = 0
configure:3228: result: yes
configure:3228: checking for unistd.h
configure:3228: clang -g -std=gnu99 -O3 -Wall -Werror-implicit-function-declaration -Wdeclaration-after-statement -Wwrite-strings -c -g -O2  conftest.c >&5
configure:3228: $? = 0
configure:3228: result: yes
configure:3240: checking for struct stat.st_blksize
configure:3240: clang -g -std=gnu99 -O3 -Wall -Werror-implicit-function-declaration -Wdeclaration-after-statement -Wwrite-strings -c -g -O2  conftest.c >&5
configure:3240: $? = 0
configure:3240: result: yes
configure:3250: checking for struct stat.st_blocks
configure:3250: clang -g -std=gnu99 -O3 -Wall -Werror-implicit-function-declaration -Wdeclaration-after-statement -Wwrite-strings -c -g -O2  conftest.c >&5
configure:3250: $? = 0
configure:3250: result: yes
configure:3260: checking for struct stat.st_rdev
configure:3260: clang -g -std=gnu99 -O3 -Wall -Werror-implicit-function-declaration -Wdeclaration-after-statement -Wwrite-strings -c -g -O2  conftest.c >&5
configure:3260: $? = 0
configure:3260: result: yes
configure:3270: checking for struct stat.st_birthtimespec
configure:3270: clang -g -std=gnu99 -O3 -Wall -Werror-implicit-function-declaration -Wdeclaration-after-statement -Wwrite-strings -c -g -O2  conftest.c >&5
conftest.c:59:1: error: statement requires expression of scalar type ('struct timespec' invalid)
if (ac_aggr.st_birthtimespec)
^   ~~~~~~~~~~~~~~~~~~~~~~~~
1 error generated.
configure:3270: $? = 1
configure: failed program was:
| /* confdefs.h */
| #define PACKAGE_NAME ""
| #define PACKAGE_TARNAME ""
| #define PACKAGE_VERSION ""
| #define PACKAGE_STRING ""
| #define PACKAGE_BUGREPORT ""
| #define PACKAGE_URL ""
| #define STDC_HEADERS 1
| #define HAVE_SYS_TYPES_H 1
| #define HAVE_SYS_STAT_H 1
| #define HAVE_STDLIB_H 1
| #define HAVE_STRING_H 1
| #define HAVE_MEMORY_H 1
| #define HAVE_STRINGS_H 1
| #define HAVE_INTTYPES_H 1
| #define HAVE_STDINT_H 1
| #define HAVE_UNISTD_H 1
| #define HAVE_STRUCT_STAT_ST_BLKSIZE 1
| #define HAVE_STRUCT_STAT_ST_BLOCKS 1
| #define HAVE_STRUCT_STAT_ST_RDEV 1
| /* end confdefs.h.  */
| #include <stdio.h>
| #ifdef HAVE_SYS_TYPES_H
| # include <sys/types.h>
| #endif
| #ifdef HAVE_SYS_STAT_H
| # include <sys/stat.h>
| #endif
| #ifdef STDC_HEADERS
| # include <stdlib.h>
| # include <stddef.h>
| #else
| # ifdef HAVE_STDLIB_H
| #  include <stdlib.h>
| # endif
| #endif
| #ifdef HAVE_STRING_H
| # if !defined STDC_HEADERS && defined HAVE_MEMORY_H
| #  include <memory.h>
| # endif
| # include <string.h>
| #endif
| #ifdef HAVE_STRINGS_H
| # include <strings.h>
| #endif
| #ifdef HAVE_INTTYPES_H
| # include <inttypes.h>
| #endif
| #ifdef HAVE_STDINT_H
| # include <stdint.h>
| #endif
| #ifdef HAVE_UNISTD_H
| # include <unistd.h>
| #endif
| int
| main ()
| {
| static struct stat ac_aggr;
| if (ac_aggr.st_birthtimespec)
| return 0;
|   ;
|   return 0;
| }
configure:3270: clang -g -std=gnu99 -O3 -Wall -Werror-implicit-function-declaration -Wdeclaration-after-statement -Wwrite-strings -c -g -O2  conftest.c >&5
configure:3270: $? = 0
configure:3270: result: yes
configure:3283: checking for getgroups
configure:3283: clang -g -std=gnu99 -O3 -Wall -Werror-implicit-function-declaration -Wdeclaration-after-statement -Wwrite-strings -o conftest -g -O2   conftest.c  >&5
configure:3283: $? = 0
configure:3283: result: yes
configure:3294: checking for lstat
configure:3294: clang -g -std=gnu99 -O3 -Wall -Werror-implicit-function-declaration -Wdeclaration-after-statement -Wwrite-strings -o conftest -g -O2   conftest.c  >&5
configure:3294: $? = 0
configure:3294: result: yes
configure:3418: creating ./config.status

## ---------------------- ##
## Running config.status. ##
## ---------------------- ##

This file was extended by config.status, which was
generated by GNU Autoconf 2.69.  Invocation command line was

  CONFIG_FILES    = 
  CONFIG_HEADERS  = 
  CONFIG_LINKS    = 
  CONFIG_COMMANDS = 
  $ ./config.status 

on Traviss-MBP

config.status:680: creating config.h

## ---------------- ##
## Cache variables. ##
## ---------------- ##

ac_cv_c_compiler_gnu=yes
ac_cv_env_CC_set=set
ac_cv_env_CC_value='clang -g -std=gnu99 -O3 -Wall -Werror-implicit-function-declaration -Wdeclaration-after-statement -Wwrite-strings'
ac_cv_env_CFLAGS_set=
ac_cv_env_CFLAGS_value=
ac_cv_env_CPPFLAGS_set=
ac_cv_env_CPPFLAGS_value=
ac_cv_env_CPP_set=
ac_cv_env_CPP_value=
ac_cv_env_LDFLAGS_set=
ac_cv_env_LDFLAGS_value=
ac_cv_env_LIBS_set=
ac_cv_env_LIBS_value=
ac_cv_env_build_alias_set=
ac_cv_env_build_alias_value=
ac_cv_env_host_alias_set=
ac_cv_env_host_alias_value=
ac_cv_env_target_alias_set=
ac_cv_env_target_alias_value=
ac_cv_func_getgroups=yes
ac_cv_func_lstat=yes
ac_cv_header_inttypes_h=yes
ac_cv_header_memory_h=yes
ac_cv_header_stdc=yes
ac_cv_header_stdint_h=yes
ac_cv_header_stdlib_h=yes
ac_cv_header_string_h=yes
ac_cv_header_strings_h=yes
ac_cv_header_sys_stat_h=yes
ac_cv_header_sys_types_h=yes
ac_cv_header_unistd_h=yes
ac_cv_member_struct_stat_st_birthtimespec=yes
ac_cv_member_struct_stat_st_blksize=yes
ac_cv_member_struct_stat_st_blocks=yes
ac_cv_member_struct_stat_st_rdev=yes
ac_cv_objext=o
ac_cv_path_EGREP='/usr/bin/grep -E'
ac_cv_path_GREP=/usr/bin/grep
ac_cv_prog_CPP='clang -g -std=gnu99 -O3 -Wall -Werror-implicit-function-declaration -Wdeclaration-after-statement -Wwrite-strings -E'
ac_cv_prog_ac_ct_CC='clang -g -std=gnu99 -O3 -Wall -Werror-implicit-function-declaration -Wdeclaration-after-statement -Wwrite-strings'
ac_cv_prog_cc_c89=
ac_cv_prog_cc_g=yes

## ----------------- ##
## Output variables. ##
## ----------------- ##

CC='clang -g -std=gnu99 -O3 -Wall -Werror-implicit-function-declaration -Wdeclaration-after-statement -Wwrite-strings'
CFLAGS='-g -O2'
CPP='clang -g -std=gnu99 -O3 -Wall -Werror-implicit-function-declaration -Wdeclaration-after-statement -Wwrite-strings -E'
CPPFLAGS=''
DEFS='-DHAVE_CONFIG_H'
ECHO_C='\c'
ECHO_N=''
ECHO_T=''
EGREP='/usr/bin/grep -E'
EXEEXT=''
GREP='/usr/bin/grep'
LDFLAGS=''
LIBOBJS=''
LIBS=''
LTLIBOBJS=''
OBJEXT='o'
PACKAGE_BUGREPORT=''
PACKAGE_NAME=''
PACKAGE_STRING=''
PACKAGE_TARNAME=''
PACKAGE_URL=''
PACKAGE_VERSION=''
PATH_SEPARATOR=':'
SHELL='/bin/sh'
ac_ct_CC='clang -g -std=gnu99 -O3 -Wall -Werror-implicit-function-declaration -Wdeclaration-after-statement -Wwrite-strings'
bindir='${exec_prefix}/bin'
build_alias=''
datadir='${datarootdir}'
datarootdir='${prefix}/share'
docdir='${datarootdir}/doc/${PACKAGE}'
dvidir='${docdir}'
exec_prefix='${prefix}'
host_alias=''
htmldir='${docdir}'
includedir='${prefix}/include'
infodir='${datarootdir}/info'
libdir='${exec_prefix}/lib'
libexecdir='${exec_prefix}/libexec'
localedir='${datarootdir}/locale'
localstatedir='${prefix}/var'
mandir='${datarootdir}/man'
oldincludedir='/usr/include'
pdfdir='${docdir}'
prefix='/usr/local'
program_transform_name='s,x,x,'
psdir='${docdir}'
sbindir='${exec_prefix}/sbin'
sharedstatedir='${prefix}/com'
sysconfdir='${prefix}/etc'
target_alias=''

## ----------- ##
## confdefs.h. ##
## ----------- ##

/* confdefs.h */
#define PACKAGE_NAME ""
#define PACKAGE_TARNAME ""
#define PACKAGE_VERSION ""
#define PACKAGE_STRING ""
#define PACKAGE_BUGREPORT ""
#define PACKAGE_URL ""
#define STDC_HEADERS 1
#define HAVE_SYS_TYPES_H 1
#define HAVE_SYS_STAT_H 1
#define HAVE_STDLIB_H 1
#define HAVE_STRING_H 1
#define HAVE_MEMORY_H 1
#define HAVE_STRINGS_H 1
#define HAVE_INTTYPES_H 1
#define HAVE_STDINT_H 1
#define HAVE_UNISTD_H 1
#define HAVE_STRUCT_STAT_ST_BLKSIZE 1
#define HAVE_STRUCT_STAT_ST_BLOCKS 1
#define HAVE_STRUCT_STAT_ST_RDEV 1
#define HAVE_STRUCT_STAT_ST_BIRTHTIMESPEC 1
#define HAVE_GETGROUPS 1
#define HAVE_LSTAT 1

configure: exit 0
