have_struct_member: checking for struct stat.st_birthtimespec in sys/stat.h... -------------------- yes

"xcrun clang -o conftest -I/Applications/Xcode.app/Contents/Developer/Platforms/MacOSX.platform/Developer/SDKs/MacOSX10.12.sdk/System/Library/Frameworks/Ruby.framework/Versions/2.0/usr/include/ruby-2.0.0/universal-darwin16 -I/Applications/Xcode.app/Contents/Developer/Platforms/MacOSX.platform/Developer/SDKs/MacOSX10.12.sdk/System/Library/Frameworks/Ruby.framework/Versions/2.0/usr/include/ruby-2.0.0/ruby/backward -I/Applications/Xcode.app/Contents/Developer/Platforms/MacOSX.platform/Developer/SDKs/MacOSX10.12.sdk/System/Library/Frameworks/Ruby.framework/Versions/2.0/usr/include/ruby-2.0.0 -I. -D_XOPEN_SOURCE -D_DARWIN_C_SOURCE -D_DARWIN_UNLIMITED_SELECT -D_REENTRANT    -g -Os -pipe -DHAVE_GCC_SYNC_BUILTINS conftest.c  -L. -L/System/Library/Frameworks/Ruby.framework/Versions/2.0/usr/lib -L. -L/usr/local/lib   -arch i386 -arch x86_64   -lruby.2.0.0  -lpthread -ldl -lobjc "
checked program was:
/* begin */
1: #include "ruby.h"
2: 
3: int main(int argc, char **argv)
4: {
5:   return 0;
6: }
/* end */

"xcrun clang -I/Applications/Xcode.app/Contents/Developer/Platforms/MacOSX.platform/Developer/SDKs/MacOSX10.12.sdk/System/Library/Frameworks/Ruby.framework/Versions/2.0/usr/include/ruby-2.0.0/universal-darwin16 -I/Applications/Xcode.app/Contents/Developer/Platforms/MacOSX.platform/Developer/SDKs/MacOSX10.12.sdk/System/Library/Frameworks/Ruby.framework/Versions/2.0/usr/include/ruby-2.0.0/ruby/backward -I/Applications/Xcode.app/Contents/Developer/Platforms/MacOSX.platform/Developer/SDKs/MacOSX10.12.sdk/System/Library/Frameworks/Ruby.framework/Versions/2.0/usr/include/ruby-2.0.0 -I. -D_XOPEN_SOURCE -D_DARWIN_C_SOURCE -D_DARWIN_UNLIMITED_SELECT -D_REENTRANT    -g -Os -pipe -DHAVE_GCC_SYNC_BUILTINS  -arch i386 -arch x86_64  -c conftest.c"
checked program was:
/* begin */
 1: #include "ruby.h"
 2: 
 3: #include <sys/stat.h>
 4: 
 5: /*top*/
 6: int s = (char *)&((struct stat*)0)->st_birthtimespec - (char *)0;
 7: int main(int argc, char **argv)
 8: {
 9:   if (argc > 1000000) {
10:     printf("%p", &s);
11:   }
12: 
13:   return 0;
14: }
/* end */

--------------------

have_struct_member: checking for struct stat.st_blksize in sys/stat.h... -------------------- yes

"xcrun clang -I/Applications/Xcode.app/Contents/Developer/Platforms/MacOSX.platform/Developer/SDKs/MacOSX10.12.sdk/System/Library/Frameworks/Ruby.framework/Versions/2.0/usr/include/ruby-2.0.0/universal-darwin16 -I/Applications/Xcode.app/Contents/Developer/Platforms/MacOSX.platform/Developer/SDKs/MacOSX10.12.sdk/System/Library/Frameworks/Ruby.framework/Versions/2.0/usr/include/ruby-2.0.0/ruby/backward -I/Applications/Xcode.app/Contents/Developer/Platforms/MacOSX.platform/Developer/SDKs/MacOSX10.12.sdk/System/Library/Frameworks/Ruby.framework/Versions/2.0/usr/include/ruby-2.0.0 -I. -D_XOPEN_SOURCE -D_DARWIN_C_SOURCE -D_DARWIN_UNLIMITED_SELECT -D_REENTRANT    -g -Os -pipe -DHAVE_GCC_SYNC_BUILTINS  -arch i386 -arch x86_64  -c conftest.c"
checked program was:
/* begin */
 1: #include "ruby.h"
 2: 
 3: #include <sys/stat.h>
 4: 
 5: /*top*/
 6: int s = (char *)&((struct stat*)0)->st_blksize - (char *)0;
 7: int main(int argc, char **argv)
 8: {
 9:   if (argc > 1000000) {
10:     printf("%p", &s);
11:   }
12: 
13:   return 0;
14: }
/* end */

--------------------

have_struct_member: checking for struct stat.st_blocks in sys/stat.h... -------------------- yes

"xcrun clang -I/Applications/Xcode.app/Contents/Developer/Platforms/MacOSX.platform/Developer/SDKs/MacOSX10.12.sdk/System/Library/Frameworks/Ruby.framework/Versions/2.0/usr/include/ruby-2.0.0/universal-darwin16 -I/Applications/Xcode.app/Contents/Developer/Platforms/MacOSX.platform/Developer/SDKs/MacOSX10.12.sdk/System/Library/Frameworks/Ruby.framework/Versions/2.0/usr/include/ruby-2.0.0/ruby/backward -I/Applications/Xcode.app/Contents/Developer/Platforms/MacOSX.platform/Developer/SDKs/MacOSX10.12.sdk/System/Library/Frameworks/Ruby.framework/Versions/2.0/usr/include/ruby-2.0.0 -I. -D_XOPEN_SOURCE -D_DARWIN_C_SOURCE -D_DARWIN_UNLIMITED_SELECT -D_REENTRANT    -g -Os -pipe -DHAVE_GCC_SYNC_BUILTINS  -arch i386 -arch x86_64  -c conftest.c"
checked program was:
/* begin */
 1: #include "ruby.h"
 2: 
 3: #include <sys/stat.h>
 4: 
 5: /*top*/
 6: int s = (char *)&((struct stat*)0)->st_blocks - (char *)0;
 7: int main(int argc, char **argv)
 8: {
 9:   if (argc > 1000000) {
10:     printf("%p", &s);
11:   }
12: 
13:   return 0;
14: }
/* end */

--------------------

have_func: checking for lstat() in sys/stat.h... -------------------- yes

"xcrun clang -o conftest -I/Applications/Xcode.app/Contents/Developer/Platforms/MacOSX.platform/Developer/SDKs/MacOSX10.12.sdk/System/Library/Frameworks/Ruby.framework/Versions/2.0/usr/include/ruby-2.0.0/universal-darwin16 -I/Applications/Xcode.app/Contents/Developer/Platforms/MacOSX.platform/Developer/SDKs/MacOSX10.12.sdk/System/Library/Frameworks/Ruby.framework/Versions/2.0/usr/include/ruby-2.0.0/ruby/backward -I/Applications/Xcode.app/Contents/Developer/Platforms/MacOSX.platform/Developer/SDKs/MacOSX10.12.sdk/System/Library/Frameworks/Ruby.framework/Versions/2.0/usr/include/ruby-2.0.0 -I. -D_XOPEN_SOURCE -D_DARWIN_C_SOURCE -D_DARWIN_UNLIMITED_SELECT -D_REENTRANT    -g -Os -pipe -DHAVE_GCC_SYNC_BUILTINS conftest.c  -L. -L/System/Library/Frameworks/Ruby.framework/Versions/2.0/usr/lib -L. -L/usr/local/lib   -arch i386 -arch x86_64   -lruby.2.0.0  -lpthread -ldl -lobjc "
checked program was:
/* begin */
 1: #include "ruby.h"
 2: 
 3: #include <sys/stat.h>
 4: 
 5: /*top*/
 6: extern int t(void);
 7: int t(void) { void ((*volatile p)()); p = (void ((*)()))lstat; return 0; }
 8: int main(int argc, char **argv)
 9: {
10:   if (argc > 1000000) {
11:     printf("%p", &t);
12:   }
13: 
14:   return 0;
15: }
/* end */

--------------------

have_func: checking for getgroups() in unistd.h... -------------------- yes

"xcrun clang -o conftest -I/Applications/Xcode.app/Contents/Developer/Platforms/MacOSX.platform/Developer/SDKs/MacOSX10.12.sdk/System/Library/Frameworks/Ruby.framework/Versions/2.0/usr/include/ruby-2.0.0/universal-darwin16 -I/Applications/Xcode.app/Contents/Developer/Platforms/MacOSX.platform/Developer/SDKs/MacOSX10.12.sdk/System/Library/Frameworks/Ruby.framework/Versions/2.0/usr/include/ruby-2.0.0/ruby/backward -I/Applications/Xcode.app/Contents/Developer/Platforms/MacOSX.platform/Developer/SDKs/MacOSX10.12.sdk/System/Library/Frameworks/Ruby.framework/Versions/2.0/usr/include/ruby-2.0.0 -I. -D_XOPEN_SOURCE -D_DARWIN_C_SOURCE -D_DARWIN_UNLIMITED_SELECT -D_REENTRANT    -g -Os -pipe -DHAVE_GCC_SYNC_BUILTINS conftest.c  -L. -L/System/Library/Frameworks/Ruby.framework/Versions/2.0/usr/lib -L. -L/usr/local/lib   -arch i386 -arch x86_64   -lruby.2.0.0  -lpthread -ldl -lobjc "
checked program was:
/* begin */
 1: #include "ruby.h"
 2: 
 3: #include <unistd.h>
 4: 
 5: /*top*/
 6: extern int t(void);
 7: int t(void) { void ((*volatile p)()); p = (void ((*)()))getgroups; return 0; }
 8: int main(int argc, char **argv)
 9: {
10:   if (argc > 1000000) {
11:     printf("%p", &t);
12:   }
13: 
14:   return 0;
15: }
/* end */

--------------------

/Users/justin/Documents/h2o/mruby/host/mrbgems/mruby-file-stat/extconf.h is:
/* begin */
 1: #ifndef _USERS_JUSTIN_DOCUMENTS_H2O_MRUBY_HOST_MRBGEMS_MRUBY_FILE_STAT_EXTCONF_H
 2: #define _USERS_JUSTIN_DOCUMENTS_H2O_MRUBY_HOST_MRBGEMS_MRUBY_FILE_STAT_EXTCONF_H
 3: #define HAVE_STRUCT_STAT_ST_BIRTHTIMESPEC 1
 4: #define HAVE_ST_ST_BIRTHTIMESPEC 1
 5: #define HAVE_STRUCT_STAT_ST_BLKSIZE 1
 6: #define HAVE_ST_ST_BLKSIZE 1
 7: #define HAVE_STRUCT_STAT_ST_BLOCKS 1
 8: #define HAVE_ST_ST_BLOCKS 1
 9: #define HAVE_LSTAT 1
10: #define HAVE_GETGROUPS 1
11: #endif
/* end */

