This file contains any messages produced by compilers while
running configure, to aid debugging if configure makes a mistake.

It was created by libressl configure 2.4.5, which was
generated by GNU Autoconf 2.69.  Invocation command line was

  $ ./configure --prefix=/Users/travisgalloway/github/h2o/libressl-build --libdir=/Users/travisgalloway/github/h2o/libressl-build/lib --disable-shared --disable-asm

## --------- ##
## Platform. ##
## --------- ##

hostname = Traviss-MBP
uname -m = x86_64
uname -r = 16.7.0
uname -s = Darwin
uname -v = Darwin Kernel Version 16.7.0: Thu Jun 15 17:36:27 PDT 2017; root:xnu-3789.70.16~2/RELEASE_X86_64

/usr/bin/uname -p = i386
/bin/uname -X     = unknown

/bin/arch              = unknown
/usr/bin/arch -k       = unknown
/usr/convex/getsysinfo = unknown
/usr/bin/hostinfo      = Mach kernel version:
	 Darwin Kernel Version 16.7.0: Thu Jun 15 17:36:27 PDT 2017; root:xnu-3789.70.16~2/RELEASE_X86_64
Kernel configured for up to 8 processors.
4 processors are physically available.
8 processors are logically available.
Processor type: x86_64h (Intel x86-64h Haswell)
Processors active: 0 1 2 3 4 5 6 7
Primary memory available: 16.00 gigabytes
Default processor set: 322 tasks, 1139 threads, 8 processors
Load average: 1.83, Mach factor: 6.16
/bin/machine           = unknown
/usr/bin/oslevel       = unknown
/bin/universe          = unknown

PATH: /Users/travisgalloway/.rvm/gems/ruby-2.4.0/bin
PATH: /Users/travisgalloway/.rvm/gems/ruby-2.4.0@global/bin
PATH: /Users/travisgalloway/.rvm/rubies/ruby-2.4.0/bin
PATH: /usr/local/bin
PATH: /usr/bin
PATH: /bin
PATH: /usr/sbin
PATH: /sbin
PATH: /Users/travisgalloway/.rvm/bin


## ----------- ##
## Core tests. ##
## ----------- ##

configure:2534: checking build system type
configure:2548: result: x86_64-apple-darwin16.7.0
configure:2568: checking host system type
configure:2581: result: x86_64-apple-darwin16.7.0
configure:2617: checking for a BSD-compatible install
configure:2685: result: /usr/local/bin/ginstall -c
configure:2696: checking whether build environment is sane
configure:2751: result: yes
configure:2902: checking for a thread-safe mkdir -p
configure:2941: result: /usr/local/bin/gmkdir -p
configure:2948: checking for gawk
configure:2978: result: no
configure:2948: checking for mawk
configure:2978: result: no
configure:2948: checking for nawk
configure:2978: result: no
configure:2948: checking for awk
configure:2964: found /usr/bin/awk
configure:2975: result: awk
configure:2986: checking whether make sets $(MAKE)
configure:3008: result: yes
configure:3037: checking whether make supports nested variables
configure:3054: result: yes
configure:3193: checking whether make supports nested variables
configure:3210: result: yes
configure:3273: checking for gcc
configure:3289: found /usr/bin/gcc
configure:3300: result: gcc
configure:3529: checking for C compiler version
configure:3538: gcc --version >&5
Apple LLVM version 8.1.0 (clang-802.0.42)
Target: x86_64-apple-darwin16.7.0
Thread model: posix
InstalledDir: /Library/Developer/CommandLineTools/usr/bin
Configured with: --prefix=/Library/Developer/CommandLineTools/usr --with-gxx-include-dir=/usr/include/c++/4.2.1
configure:3549: $? = 0
configure:3538: gcc -v >&5
Configured with: --prefix=/Library/Developer/CommandLineTools/usr --with-gxx-include-dir=/usr/include/c++/4.2.1
Apple LLVM version 8.1.0 (clang-802.0.42)
Target: x86_64-apple-darwin16.7.0
Thread model: posix
InstalledDir: /Library/Developer/CommandLineTools/usr/bin
configure:3549: $? = 0
configure:3538: gcc -V >&5
clang: error: argument to '-V' is missing (expected 1 value)
clang: error: no input files
configure:3549: $? = 1
configure:3538: gcc -qversion >&5
clang: error: unknown argument: '-qversion'
clang: error: no input files
configure:3549: $? = 1
configure:3569: checking whether the C compiler works
configure:3591: gcc    conftest.c  >&5
configure:3595: $? = 0
configure:3643: result: yes
configure:3646: checking for C compiler default output file name
configure:3648: result: a.out
configure:3654: checking for suffix of executables
configure:3661: gcc -o conftest    conftest.c  >&5
configure:3665: $? = 0
configure:3687: result: 
configure:3709: checking whether we are cross compiling
configure:3717: gcc -o conftest    conftest.c  >&5
configure:3721: $? = 0
configure:3728: ./conftest
configure:3732: $? = 0
configure:3747: result: no
configure:3752: checking for suffix of object files
configure:3774: gcc -c   conftest.c >&5
configure:3778: $? = 0
configure:3799: result: o
configure:3803: checking whether we are using the GNU C compiler
configure:3822: gcc -c   conftest.c >&5
configure:3822: $? = 0
configure:3831: result: yes
configure:3840: checking whether gcc accepts -g
configure:3860: gcc -c -g  conftest.c >&5
configure:3860: $? = 0
configure:3901: result: yes
configure:3918: checking for gcc option to accept ISO C89
configure:3981: gcc  -c -g -O2  conftest.c >&5
configure:3981: $? = 0
configure:3994: result: none needed
configure:4019: checking whether gcc understands -c and -o together
configure:4041: gcc -c conftest.c -o conftest2.o
configure:4044: $? = 0
configure:4041: gcc -c conftest.c -o conftest2.o
configure:4044: $? = 0
configure:4056: result: yes
configure:4084: checking for style of include used by make
configure:4112: result: GNU
configure:4138: checking dependency style of gcc
configure:4249: result: gcc3
configure:4268: checking for gcc option to accept ISO C99
configure:4417: gcc  -c -g -O2  conftest.c >&5
configure:4417: $? = 0
configure:4430: result: none needed
configure:4538: checking for gcc option to accept ISO Standard C
configure:4549: result: none needed
configure:4603: checking how to print strings
configure:4630: result: printf
configure:4651: checking for a sed that does not truncate output
configure:4715: result: /usr/bin/sed
configure:4733: checking for grep that handles long lines and -e
configure:4791: result: /usr/bin/grep
configure:4796: checking for egrep
configure:4858: result: /usr/bin/grep -E
configure:4863: checking for fgrep
configure:4925: result: /usr/bin/grep -F
configure:4960: checking for ld used by gcc
configure:5027: result: /Library/Developer/CommandLineTools/usr/bin/ld
configure:5034: checking if the linker (/Library/Developer/CommandLineTools/usr/bin/ld) is GNU ld
configure:5049: result: no
configure:5061: checking for BSD- or MS-compatible name lister (nm)
configure:5110: result: /usr/bin/nm -B
configure:5240: checking the name lister (/usr/bin/nm -B) interface
configure:5247: gcc -c -g -O2  conftest.c >&5
configure:5250: /usr/bin/nm -B "conftest.o"
configure:5253: output
00000000000001fc S _some_variable
configure:5260: result: BSD nm
configure:5263: checking whether ln -s works
configure:5267: result: yes
configure:5275: checking the maximum length of command line arguments
configure:5405: result: 196608
configure:5422: checking whether the shell understands some XSI constructs
configure:5432: result: yes
configure:5436: checking whether the shell understands "+="
configure:5442: result: yes
configure:5477: checking how to convert x86_64-apple-darwin16.7.0 file names to x86_64-apple-darwin16.7.0 format
configure:5517: result: func_convert_file_noop
configure:5524: checking how to convert x86_64-apple-darwin16.7.0 file names to toolchain format
configure:5544: result: func_convert_file_noop
configure:5551: checking for /Library/Developer/CommandLineTools/usr/bin/ld option to reload object files
configure:5558: result: -r
configure:5632: checking for objdump
configure:5648: found /usr/bin/objdump
configure:5659: result: objdump
configure:5691: checking how to recognize dependent libraries
configure:5893: result: pass_all
configure:5978: checking for dlltool
configure:6008: result: no
configure:6038: checking how to associate runtime and link libraries
configure:6065: result: printf %s\n
configure:6126: checking for ar
configure:6142: found /usr/bin/ar
configure:6153: result: ar
configure:6190: checking for archiver @FILE support
configure:6207: gcc -c -g -O2  conftest.c >&5
configure:6207: $? = 0
configure:6210: ar cru libconftest.a @conftest.lst >&5
ar: @conftest.lst: No such file or directory
configure:6213: $? = 1
configure:6233: result: no
configure:6291: checking for strip
configure:6307: found /usr/bin/strip
configure:6318: result: strip
configure:6390: checking for ranlib
configure:6406: found /usr/bin/ranlib
configure:6417: result: ranlib
configure:6519: checking command to parse /usr/bin/nm -B output from gcc object
configure:6639: gcc -c -g -O2  conftest.c >&5
configure:6642: $? = 0
configure:6646: /usr/bin/nm -B conftest.o \| sed -n -e 's/^.*[ ]\([BCDEGRST][BCDEGRST]*\)[ ][ ]*\([_A-Za-z][_A-Za-z0-9]*\)$/\1 \2 \2/p' | sed '/ __gnu_lto/d' \> conftest.nm
configure:6649: $? = 0
cannot find nm_test_var in conftest.nm
configure:6639: gcc -c -g -O2  conftest.c >&5
configure:6642: $? = 0
configure:6646: /usr/bin/nm -B conftest.o \| sed -n -e 's/^.*[ ]\([BCDEGRST][BCDEGRST]*\)[ ][ ]*_\([_A-Za-z][_A-Za-z0-9]*\)$/\1 _\2 \2/p' | sed '/ __gnu_lto/d' \> conftest.nm
configure:6649: $? = 0
configure:6715: gcc -o conftest -g -O2   conftest.c conftstm.o >&5
warning: (x86_64)  could not find object file symbol for symbol _main
configure:6718: $? = 0
configure:6756: result: ok
configure:6793: checking for sysroot
configure:6823: result: no
configure:7079: checking for mt
configure:7109: result: no
configure:7129: checking if : is a manifest tool
configure:7135: : '-?'
configure:7143: result: no
configure:7199: checking for dsymutil
configure:7215: found /usr/bin/dsymutil
configure:7226: result: dsymutil
configure:7291: checking for nmedit
configure:7307: found /usr/bin/nmedit
configure:7318: result: nmedit
configure:7383: checking for lipo
configure:7399: found /usr/bin/lipo
configure:7410: result: lipo
configure:7475: checking for otool
configure:7491: found /usr/bin/otool
configure:7502: result: otool
configure:7567: checking for otool64
configure:7597: result: no
configure:7642: checking for -single_module linker flag
gcc -g -O2  -o libconftest.dylib -dynamiclib -Wl,-single_module conftest.c
configure:7675: result: yes
configure:7678: checking for -exported_symbols_list linker flag
configure:7698: gcc -o conftest -g -O2   -Wl,-exported_symbols_list,conftest.sym conftest.c  >&5
configure:7698: $? = 0
configure:7708: result: yes
configure:7711: checking for -force_load linker flag
gcc -g -O2 -c -o conftest.o conftest.c
ar cru libconftest.a conftest.o
ranlib libconftest.a
gcc -g -O2  -o conftest conftest.c -Wl,-force_load,./libconftest.a
configure:7743: result: yes
configure:7785: checking how to run the C preprocessor
configure:7816: gcc -E  conftest.c
configure:7816: $? = 0
configure:7830: gcc -E  conftest.c
conftest.c:11:10: fatal error: 'ac_nonexistent.h' file not found
#include <ac_nonexistent.h>
         ^
1 error generated.
configure:7830: $? = 1
configure: failed program was:
| /* confdefs.h */
| #define PACKAGE_NAME "libressl"
| #define PACKAGE_TARNAME "libressl"
| #define PACKAGE_VERSION "2.4.5"
| #define PACKAGE_STRING "libressl 2.4.5"
| #define PACKAGE_BUGREPORT ""
| #define PACKAGE_URL ""
| #define PACKAGE "libressl"
| #define VERSION "2.4.5"
| /* end confdefs.h.  */
| #include <ac_nonexistent.h>
configure:7855: result: gcc -E
configure:7875: gcc -E  conftest.c
configure:7875: $? = 0
configure:7889: gcc -E  conftest.c
conftest.c:11:10: fatal error: 'ac_nonexistent.h' file not found
#include <ac_nonexistent.h>
         ^
1 error generated.
configure:7889: $? = 1
configure: failed program was:
| /* confdefs.h */
| #define PACKAGE_NAME "libressl"
| #define PACKAGE_TARNAME "libressl"
| #define PACKAGE_VERSION "2.4.5"
| #define PACKAGE_STRING "libressl 2.4.5"
| #define PACKAGE_BUGREPORT ""
| #define PACKAGE_URL ""
| #define PACKAGE "libressl"
| #define VERSION "2.4.5"
| /* end confdefs.h.  */
| #include <ac_nonexistent.h>
configure:7918: checking for ANSI C header files
configure:7938: gcc -c -g -O2  conftest.c >&5
configure:7938: $? = 0
configure:8011: gcc -o conftest -g -O2   conftest.c  >&5
configure:8011: $? = 0
configure:8011: ./conftest
configure:8011: $? = 0
configure:8022: result: yes
configure:8035: checking for sys/types.h
configure:8035: gcc -c -g -O2  conftest.c >&5
configure:8035: $? = 0
configure:8035: result: yes
configure:8035: checking for sys/stat.h
configure:8035: gcc -c -g -O2  conftest.c >&5
configure:8035: $? = 0
configure:8035: result: yes
configure:8035: checking for stdlib.h
configure:8035: gcc -c -g -O2  conftest.c >&5
configure:8035: $? = 0
configure:8035: result: yes
configure:8035: checking for string.h
configure:8035: gcc -c -g -O2  conftest.c >&5
configure:8035: $? = 0
configure:8035: result: yes
configure:8035: checking for memory.h
configure:8035: gcc -c -g -O2  conftest.c >&5
configure:8035: $? = 0
configure:8035: result: yes
configure:8035: checking for strings.h
configure:8035: gcc -c -g -O2  conftest.c >&5
configure:8035: $? = 0
configure:8035: result: yes
configure:8035: checking for inttypes.h
configure:8035: gcc -c -g -O2  conftest.c >&5
configure:8035: $? = 0
configure:8035: result: yes
configure:8035: checking for stdint.h
configure:8035: gcc -c -g -O2  conftest.c >&5
configure:8035: $? = 0
configure:8035: result: yes
configure:8035: checking for unistd.h
configure:8035: gcc -c -g -O2  conftest.c >&5
configure:8035: $? = 0
configure:8035: result: yes
configure:8049: checking for dlfcn.h
configure:8049: gcc -c -g -O2  conftest.c >&5
configure:8049: $? = 0
configure:8049: result: yes
configure:8255: checking for objdir
configure:8270: result: .libs
configure:8541: checking if gcc supports -fno-rtti -fno-exceptions
configure:8559: gcc -c -g -O2  -fno-rtti -fno-exceptions conftest.c >&5
configure:8563: $? = 0
configure:8576: result: yes
configure:8903: checking for gcc option to produce PIC
configure:8910: result: -fno-common -DPIC
configure:8918: checking if gcc PIC flag -fno-common -DPIC works
configure:8936: gcc -c -g -O2  -fno-common -DPIC -DPIC conftest.c >&5
configure:8940: $? = 0
configure:8953: result: yes
configure:8982: checking if gcc static flag -static works
configure:9010: result: no
configure:9025: checking if gcc supports -c -o file.o
configure:9046: gcc -c -g -O2  -o out/conftest2.o conftest.c >&5
configure:9050: $? = 0
configure:9072: result: yes
configure:9080: checking if gcc supports -c -o file.o
configure:9127: result: yes
configure:9160: checking whether the gcc linker (/Library/Developer/CommandLineTools/usr/bin/ld) supports shared libraries
configure:10313: result: yes
configure:10553: checking dynamic linker characteristics
configure:11286: result: darwin16.7.0 dyld
configure:11393: checking how to hardcode library paths into programs
configure:11418: result: immediate
configure:11958: checking whether stripping libraries is possible
configure:11972: result: yes
configure:11998: checking if libtool supports shared libraries
configure:12000: result: yes
configure:12003: checking whether to build shared libraries
configure:12024: result: no
configure:12027: checking whether to build static libraries
configure:12031: result: yes
configure:12132: gcc -c -g -O2 -Wall -std=gnu99 -fno-strict-aliasing  conftest.c >&5
configure:12132: $? = 0
configure:12139: checking whether to use builtin arc4random
configure:12141: result: no
configure:12144: checking arpa/telnet.h usability
configure:12144: gcc -c -g -O2 -Wall -std=gnu99 -fno-strict-aliasing  conftest.c >&5
configure:12144: $? = 0
configure:12144: result: yes
configure:12144: checking arpa/telnet.h presence
configure:12144: gcc -E  conftest.c
configure:12144: $? = 0
configure:12144: result: yes
configure:12144: checking for arpa/telnet.h
configure:12144: result: yes
configure:12369: checking if gcc supports "-fno-strict-overflow"
configure:12386: ./scripts/wrap-compiler-for-flag-check gcc -o conftest -fno-strict-overflow -Wall -Werror   conftest.c  >&5

configure:12386: $? = 0
configure:12387: result: yes
configure:12404: checking if gcc supports "-D_FORTIFY_SOURCE=2"
configure:12421: ./scripts/wrap-compiler-for-flag-check gcc -o conftest -D_FORTIFY_SOURCE=2 -Wall -Werror   conftest.c  >&5

configure:12421: $? = 0
configure:12422: result: yes
configure:12439: checking if /Library/Developer/CommandLineTools/usr/bin/ld supports "-Wl,-z,relro"
configure:12456: ./scripts/wrap-compiler-for-flag-check gcc -o conftest -g -O2 -Wall -std=gnu99 -fno-strict-aliasing  -Wl,-z,relro -Wall -Werror conftest.c  >&5
ld: unknown option: -z
clang: error: linker command failed with exit code 1 (use -v to see invocation)
configure:12456: $? = 1
configure: failed program was:
| /* confdefs.h */
| #define PACKAGE_NAME "libressl"
| #define PACKAGE_TARNAME "libressl"
| #define PACKAGE_VERSION "2.4.5"
| #define PACKAGE_STRING "libressl 2.4.5"
| #define PACKAGE_BUGREPORT ""
| #define PACKAGE_URL ""
| #define PACKAGE "libressl"
| #define VERSION "2.4.5"
| #define STDC_HEADERS 1
| #define HAVE_SYS_TYPES_H 1
| #define HAVE_SYS_STAT_H 1
| #define HAVE_STDLIB_H 1
| #define HAVE_STRING_H 1
| #define HAVE_MEMORY_H 1
| #define HAVE_STRINGS_H 1
| #define HAVE_INTTYPES_H 1
| #define HAVE_STDINT_H 1
| #define HAVE_UNISTD_H 1
| #define HAVE_DLFCN_H 1
| #define LT_OBJDIR ".libs/"
| /* end confdefs.h.  */
| 
| 		      #include <stdio.h>
| 
| int
| main ()
| {
| printf("Hello")
|   ;
|   return 0;
| }
configure:12462: result: no
configure:12472: checking if /Library/Developer/CommandLineTools/usr/bin/ld supports "-Wl,-z,now"
configure:12489: ./scripts/wrap-compiler-for-flag-check gcc -o conftest -g -O2 -Wall -std=gnu99 -fno-strict-aliasing  -Wl,-z,now -Wall -Werror conftest.c  >&5
ld: unknown option: -z
clang: error: linker command failed with exit code 1 (use -v to see invocation)
configure:12489: $? = 1
configure: failed program was:
| /* confdefs.h */
| #define PACKAGE_NAME "libressl"
| #define PACKAGE_TARNAME "libressl"
| #define PACKAGE_VERSION "2.4.5"
| #define PACKAGE_STRING "libressl 2.4.5"
| #define PACKAGE_BUGREPORT ""
| #define PACKAGE_URL ""
| #define PACKAGE "libressl"
| #define VERSION "2.4.5"
| #define STDC_HEADERS 1
| #define HAVE_SYS_TYPES_H 1
| #define HAVE_SYS_STAT_H 1
| #define HAVE_STDLIB_H 1
| #define HAVE_STRING_H 1
| #define HAVE_MEMORY_H 1
| #define HAVE_STRINGS_H 1
| #define HAVE_INTTYPES_H 1
| #define HAVE_STDINT_H 1
| #define HAVE_UNISTD_H 1
| #define HAVE_DLFCN_H 1
| #define LT_OBJDIR ".libs/"
| /* end confdefs.h.  */
| 
| 		      #include <stdio.h>
| 
| int
| main ()
| {
| printf("Hello")
|   ;
|   return 0;
| }
configure:12495: result: no
configure:12615: checking if gcc supports "-fstack-protector-strong"
configure:12632: ./scripts/wrap-compiler-for-flag-check gcc -o conftest -fstack-protector-strong -Wall -Werror   conftest.c  >&5

configure:12632: $? = 0
configure:12633: result: yes
configure:12757: checking whether AS supports .note.GNU-stack
configure:12771: gcc -c   conftest.c >&5
<inline asm>:1:19: error: unexpected token in '.section' directive
.section .note.GNU-stack,"",@progbits
                  ^
1 error generated.
configure:12771: $? = 1
configure: failed program was:
| /* confdefs.h */
| #define PACKAGE_NAME "libressl"
| #define PACKAGE_TARNAME "libressl"
| #define PACKAGE_VERSION "2.4.5"
| #define PACKAGE_STRING "libressl 2.4.5"
| #define PACKAGE_BUGREPORT ""
| #define PACKAGE_URL ""
| #define PACKAGE "libressl"
| #define VERSION "2.4.5"
| #define STDC_HEADERS 1
| #define HAVE_SYS_TYPES_H 1
| #define HAVE_SYS_STAT_H 1
| #define HAVE_STDLIB_H 1
| #define HAVE_STRING_H 1
| #define HAVE_MEMORY_H 1
| #define HAVE_STRINGS_H 1
| #define HAVE_INTTYPES_H 1
| #define HAVE_STDINT_H 1
| #define HAVE_UNISTD_H 1
| #define HAVE_DLFCN_H 1
| #define LT_OBJDIR ".libs/"
| /* end confdefs.h.  */
| 
| 	__asm__(".section .note.GNU-stack,\"\",@progbits");
| int
| main ()
| {
| 
|   ;
|   return 0;
| }
configure:12776: result: no
configure:12792: checking dependency style of gcc
configure:12901: result: gcc3
configure:12920: checking if compiling with clang
configure:12937: gcc -c -g -O2 -Wall -std=gnu99 -fno-strict-aliasing  -fno-strict-overflow -D_FORTIFY_SOURCE=2 -fstack-protector-strong   conftest.c >&5
configure:12937: $? = 0
configure:12944: result: yes
configure:12956: checking whether CC supports -Wno-pointer-sign
configure:12969: gcc -c -Wno-pointer-sign  conftest.c >&5
configure:12969: $? = 0
configure:12970: result: yes
configure:12985: checking for symlink
configure:12985: gcc -o conftest -g -O2 -Wall -std=gnu99 -fno-strict-aliasing  -fno-strict-overflow -D_FORTIFY_SOURCE=2 -fstack-protector-strong  -Qunused-arguments -Wno-pointer-sign    -Qunused-arguments conftest.c  >&5
configure:12985: $? = 0
configure:12985: result: yes
configure:13004: checking for funopen
configure:13004: gcc -o conftest -g -O2 -Wall -std=gnu99 -fno-strict-aliasing  -fno-strict-overflow -D_FORTIFY_SOURCE=2 -fstack-protector-strong  -Qunused-arguments -Wno-pointer-sign    -Qunused-arguments conftest.c  >&5
configure:13004: $? = 0
configure:13004: result: yes
configure:13015: checking err.h usability
configure:13015: gcc -c -g -O2 -Wall -std=gnu99 -fno-strict-aliasing  -fno-strict-overflow -D_FORTIFY_SOURCE=2 -fstack-protector-strong  -Qunused-arguments -Wno-pointer-sign  conftest.c >&5
configure:13015: $? = 0
configure:13015: result: yes
configure:13015: checking err.h presence
configure:13015: gcc -E  conftest.c
configure:13015: $? = 0
configure:13015: result: yes
configure:13015: checking for err.h
configure:13015: result: yes
configure:13015: checking readpassphrase.h usability
configure:13015: gcc -c -g -O2 -Wall -std=gnu99 -fno-strict-aliasing  -fno-strict-overflow -D_FORTIFY_SOURCE=2 -fstack-protector-strong  -Qunused-arguments -Wno-pointer-sign  conftest.c >&5
configure:13015: $? = 0
configure:13015: result: yes
configure:13015: checking readpassphrase.h presence
configure:13015: gcc -E  conftest.c
configure:13015: $? = 0
configure:13015: result: yes
configure:13015: checking for readpassphrase.h
configure:13015: result: yes
configure:13029: checking for asprintf
configure:13029: gcc -o conftest -g -O2 -Wall -std=gnu99 -fno-strict-aliasing  -fno-strict-overflow -D_FORTIFY_SOURCE=2 -fstack-protector-strong  -Qunused-arguments -Wno-pointer-sign    -Qunused-arguments conftest.c  >&5
conftest.c:60:18: warning: format string missing [-Wformat]
return asprintf ();
       ~~~~~~~~  ^
1 warning generated.
configure:13029: $? = 0
configure:13029: result: yes
configure:13029: checking for inet_pton
configure:13029: gcc -o conftest -g -O2 -Wall -std=gnu99 -fno-strict-aliasing  -fno-strict-overflow -D_FORTIFY_SOURCE=2 -fstack-protector-strong  -Qunused-arguments -Wno-pointer-sign    -Qunused-arguments conftest.c  >&5
configure:13029: $? = 0
configure:13029: result: yes
configure:13029: checking for memmem
configure:13029: gcc -o conftest -g -O2 -Wall -std=gnu99 -fno-strict-aliasing  -fno-strict-overflow -D_FORTIFY_SOURCE=2 -fstack-protector-strong  -Qunused-arguments -Wno-pointer-sign    -Qunused-arguments conftest.c  >&5
configure:13029: $? = 0
configure:13029: result: yes
configure:13029: checking for readpassphrase
configure:13029: gcc -o conftest -g -O2 -Wall -std=gnu99 -fno-strict-aliasing  -fno-strict-overflow -D_FORTIFY_SOURCE=2 -fstack-protector-strong  -Qunused-arguments -Wno-pointer-sign    -Qunused-arguments conftest.c  >&5
configure:13029: $? = 0
configure:13029: result: yes
configure:13029: checking for reallocarray
configure:13029: gcc -o conftest -g -O2 -Wall -std=gnu99 -fno-strict-aliasing  -fno-strict-overflow -D_FORTIFY_SOURCE=2 -fstack-protector-strong  -Qunused-arguments -Wno-pointer-sign    -Qunused-arguments conftest.c  >&5
Undefined symbols for architecture x86_64:
  "_reallocarray", referenced from:
      _main in conftest-2f8ce1.o
ld: symbol(s) not found for architecture x86_64
clang: error: linker command failed with exit code 1 (use -v to see invocation)
configure:13029: $? = 1
configure: failed program was:
| /* confdefs.h */
| #define PACKAGE_NAME "libressl"
| #define PACKAGE_TARNAME "libressl"
| #define PACKAGE_VERSION "2.4.5"
| #define PACKAGE_STRING "libressl 2.4.5"
| #define PACKAGE_BUGREPORT ""
| #define PACKAGE_URL ""
| #define PACKAGE "libressl"
| #define VERSION "2.4.5"
| #define STDC_HEADERS 1
| #define HAVE_SYS_TYPES_H 1
| #define HAVE_SYS_STAT_H 1
| #define HAVE_STDLIB_H 1
| #define HAVE_STRING_H 1
| #define HAVE_MEMORY_H 1
| #define HAVE_STRINGS_H 1
| #define HAVE_INTTYPES_H 1
| #define HAVE_STDINT_H 1
| #define HAVE_UNISTD_H 1
| #define HAVE_DLFCN_H 1
| #define LT_OBJDIR ".libs/"
| #define HAVE_SYMLINK 1
| #define HAVE_ERR_H 1
| #define HAVE_READPASSPHRASE_H 1
| #define HAVE_ASPRINTF 1
| #define HAVE_INET_PTON 1
| #define HAVE_MEMMEM 1
| #define HAVE_READPASSPHRASE 1
| /* end confdefs.h.  */
| /* Define reallocarray to an innocuous variant, in case <limits.h> declares reallocarray.
|    For example, HP-UX 11i <limits.h> declares gettimeofday.  */
| #define reallocarray innocuous_reallocarray
| 
| /* System header to define __stub macros and hopefully few prototypes,
|     which can conflict with char reallocarray (); below.
|     Prefer <limits.h> to <assert.h> if __STDC__ is defined, since
|     <limits.h> exists even on freestanding compilers.  */
| 
| #ifdef __STDC__
| # include <limits.h>
| #else
| # include <assert.h>
| #endif
| 
| #undef reallocarray
| 
| /* Override any GCC internal prototype to avoid an error.
|    Use char because int might match the return type of a GCC
|    builtin and then its argument prototype would still apply.  */
| #ifdef __cplusplus
| extern "C"
| #endif
| char reallocarray ();
| /* The GNU C library defines this for functions which it implements
|     to always fail with ENOSYS.  Some functions are actually named
|     something starting with __ and the normal name is an alias.  */
| #if defined __stub_reallocarray || defined __stub___reallocarray
| choke me
| #endif
| 
| int
| main ()
| {
| return reallocarray ();
|   ;
|   return 0;
| }
configure:13029: result: no
configure:13041: checking for strlcat
configure:13041: gcc -o conftest -g -O2 -Wall -std=gnu99 -fno-strict-aliasing  -fno-strict-overflow -D_FORTIFY_SOURCE=2 -fstack-protector-strong  -Qunused-arguments -Wno-pointer-sign    -Qunused-arguments conftest.c  >&5
conftest.c:53:6: warning: incompatible redeclaration of library function 'strlcat' [-Wincompatible-library-redeclaration]
char strlcat ();
     ^
conftest.c:53:6: note: 'strlcat' is a builtin with type 'unsigned long (char *, const char *, unsigned long)'
1 warning generated.
configure:13041: $? = 0
configure:13041: result: yes
configure:13041: checking for strlcpy
configure:13041: gcc -o conftest -g -O2 -Wall -std=gnu99 -fno-strict-aliasing  -fno-strict-overflow -D_FORTIFY_SOURCE=2 -fstack-protector-strong  -Qunused-arguments -Wno-pointer-sign    -Qunused-arguments conftest.c  >&5
conftest.c:54:6: warning: incompatible redeclaration of library function 'strlcpy' [-Wincompatible-library-redeclaration]
char strlcpy ();
     ^
conftest.c:54:6: note: 'strlcpy' is a builtin with type 'unsigned long (char *, const char *, unsigned long)'
1 warning generated.
configure:13041: $? = 0
configure:13041: result: yes
configure:13041: checking for strndup
configure:13041: gcc -o conftest -g -O2 -Wall -std=gnu99 -fno-strict-aliasing  -fno-strict-overflow -D_FORTIFY_SOURCE=2 -fstack-protector-strong  -Qunused-arguments -Wno-pointer-sign    -Qunused-arguments conftest.c  >&5
conftest.c:55:6: warning: incompatible redeclaration of library function 'strndup' [-Wincompatible-library-redeclaration]
char strndup ();
     ^
conftest.c:55:6: note: 'strndup' is a builtin with type 'char *(const char *, unsigned long)'
1 warning generated.
configure:13041: $? = 0
configure:13041: result: yes
configure:13041: checking for strnlen
configure:13041: gcc -o conftest -g -O2 -Wall -std=gnu99 -fno-strict-aliasing  -fno-strict-overflow -D_FORTIFY_SOURCE=2 -fstack-protector-strong  -Qunused-arguments -Wno-pointer-sign    -Qunused-arguments conftest.c  >&5
configure:13041: $? = 0
configure:13041: result: yes
configure:13041: checking for strsep
configure:13041: gcc -o conftest -g -O2 -Wall -std=gnu99 -fno-strict-aliasing  -fno-strict-overflow -D_FORTIFY_SOURCE=2 -fstack-protector-strong  -Qunused-arguments -Wno-pointer-sign    -Qunused-arguments conftest.c  >&5
configure:13041: $? = 0
configure:13041: result: yes
configure:13041: checking for strtonum
configure:13041: gcc -o conftest -g -O2 -Wall -std=gnu99 -fno-strict-aliasing  -fno-strict-overflow -D_FORTIFY_SOURCE=2 -fstack-protector-strong  -Qunused-arguments -Wno-pointer-sign    -Qunused-arguments conftest.c  >&5
Undefined symbols for architecture x86_64:
  "_strtonum", referenced from:
      _main in conftest-3df647.o
ld: symbol(s) not found for architecture x86_64
clang: error: linker command failed with exit code 1 (use -v to see invocation)
configure:13041: $? = 1
configure: failed program was:
| /* confdefs.h */
| #define PACKAGE_NAME "libressl"
| #define PACKAGE_TARNAME "libressl"
| #define PACKAGE_VERSION "2.4.5"
| #define PACKAGE_STRING "libressl 2.4.5"
| #define PACKAGE_BUGREPORT ""
| #define PACKAGE_URL ""
| #define PACKAGE "libressl"
| #define VERSION "2.4.5"
| #define STDC_HEADERS 1
| #define HAVE_SYS_TYPES_H 1
| #define HAVE_SYS_STAT_H 1
| #define HAVE_STDLIB_H 1
| #define HAVE_STRING_H 1
| #define HAVE_MEMORY_H 1
| #define HAVE_STRINGS_H 1
| #define HAVE_INTTYPES_H 1
| #define HAVE_STDINT_H 1
| #define HAVE_UNISTD_H 1
| #define HAVE_DLFCN_H 1
| #define LT_OBJDIR ".libs/"
| #define HAVE_SYMLINK 1
| #define HAVE_ERR_H 1
| #define HAVE_READPASSPHRASE_H 1
| #define HAVE_ASPRINTF 1
| #define HAVE_INET_PTON 1
| #define HAVE_MEMMEM 1
| #define HAVE_READPASSPHRASE 1
| #define HAVE_STRLCAT 1
| #define HAVE_STRLCPY 1
| #define HAVE_STRNDUP 1
| #define HAVE_STRNLEN 1
| #define HAVE_STRSEP 1
| /* end confdefs.h.  */
| /* Define strtonum to an innocuous variant, in case <limits.h> declares strtonum.
|    For example, HP-UX 11i <limits.h> declares gettimeofday.  */
| #define strtonum innocuous_strtonum
| 
| /* System header to define __stub macros and hopefully few prototypes,
|     which can conflict with char strtonum (); below.
|     Prefer <limits.h> to <assert.h> if __STDC__ is defined, since
|     <limits.h> exists even on freestanding compilers.  */
| 
| #ifdef __STDC__
| # include <limits.h>
| #else
| # include <assert.h>
| #endif
| 
| #undef strtonum
| 
| /* Override any GCC internal prototype to avoid an error.
|    Use char because int might match the return type of a GCC
|    builtin and then its argument prototype would still apply.  */
| #ifdef __cplusplus
| extern "C"
| #endif
| char strtonum ();
| /* The GNU C library defines this for functions which it implements
|     to always fail with ENOSYS.  Some functions are actually named
|     something starting with __ and the normal name is an alias.  */
| #if defined __stub_strtonum || defined __stub___strtonum
| choke me
| #endif
| 
| int
| main ()
| {
| return strtonum ();
|   ;
|   return 0;
| }
configure:13041: result: no
configure:13053: checking for timegm
configure:13053: gcc -o conftest -g -O2 -Wall -std=gnu99 -fno-strict-aliasing  -fno-strict-overflow -D_FORTIFY_SOURCE=2 -fstack-protector-strong  -Qunused-arguments -Wno-pointer-sign    -Qunused-arguments conftest.c  >&5
configure:13053: $? = 0
configure:13053: result: yes
configure:13053: checking for _mkgmtime
configure:13053: gcc -o conftest -g -O2 -Wall -std=gnu99 -fno-strict-aliasing  -fno-strict-overflow -D_FORTIFY_SOURCE=2 -fstack-protector-strong  -Qunused-arguments -Wno-pointer-sign    -Qunused-arguments conftest.c  >&5
Undefined symbols for architecture x86_64:
  "__mkgmtime", referenced from:
      _main in conftest-409ec8.o
ld: symbol(s) not found for architecture x86_64
clang: error: linker command failed with exit code 1 (use -v to see invocation)
configure:13053: $? = 1
configure: failed program was:
| /* confdefs.h */
| #define PACKAGE_NAME "libressl"
| #define PACKAGE_TARNAME "libressl"
| #define PACKAGE_VERSION "2.4.5"
| #define PACKAGE_STRING "libressl 2.4.5"
| #define PACKAGE_BUGREPORT ""
| #define PACKAGE_URL ""
| #define PACKAGE "libressl"
| #define VERSION "2.4.5"
| #define STDC_HEADERS 1
| #define HAVE_SYS_TYPES_H 1
| #define HAVE_SYS_STAT_H 1
| #define HAVE_STDLIB_H 1
| #define HAVE_STRING_H 1
| #define HAVE_MEMORY_H 1
| #define HAVE_STRINGS_H 1
| #define HAVE_INTTYPES_H 1
| #define HAVE_STDINT_H 1
| #define HAVE_UNISTD_H 1
| #define HAVE_DLFCN_H 1
| #define LT_OBJDIR ".libs/"
| #define HAVE_SYMLINK 1
| #define HAVE_ERR_H 1
| #define HAVE_READPASSPHRASE_H 1
| #define HAVE_ASPRINTF 1
| #define HAVE_INET_PTON 1
| #define HAVE_MEMMEM 1
| #define HAVE_READPASSPHRASE 1
| #define HAVE_STRLCAT 1
| #define HAVE_STRLCPY 1
| #define HAVE_STRNDUP 1
| #define HAVE_STRNLEN 1
| #define HAVE_STRSEP 1
| #define HAVE_TIMEGM 1
| /* end confdefs.h.  */
| /* Define _mkgmtime to an innocuous variant, in case <limits.h> declares _mkgmtime.
|    For example, HP-UX 11i <limits.h> declares gettimeofday.  */
| #define _mkgmtime innocuous__mkgmtime
| 
| /* System header to define __stub macros and hopefully few prototypes,
|     which can conflict with char _mkgmtime (); below.
|     Prefer <limits.h> to <assert.h> if __STDC__ is defined, since
|     <limits.h> exists even on freestanding compilers.  */
| 
| #ifdef __STDC__
| # include <limits.h>
| #else
| # include <assert.h>
| #endif
| 
| #undef _mkgmtime
| 
| /* Override any GCC internal prototype to avoid an error.
|    Use char because int might match the return type of a GCC
|    builtin and then its argument prototype would still apply.  */
| #ifdef __cplusplus
| extern "C"
| #endif
| char _mkgmtime ();
| /* The GNU C library defines this for functions which it implements
|     to always fail with ENOSYS.  Some functions are actually named
|     something starting with __ and the normal name is an alias.  */
| #if defined __stub__mkgmtime || defined __stub____mkgmtime
| choke me
| #endif
| 
| int
| main ()
| {
| return _mkgmtime ();
|   ;
|   return 0;
| }
configure:13053: result: no
configure:13163: checking for accept4
configure:13163: gcc -o conftest -g -O2 -Wall -std=gnu99 -fno-strict-aliasing  -fno-strict-overflow -D_FORTIFY_SOURCE=2 -fstack-protector-strong  -Qunused-arguments -Wno-pointer-sign    -Qunused-arguments conftest.c  >&5
Undefined symbols for architecture x86_64:
  "_accept4", referenced from:
      _main in conftest-cccbd9.o
ld: symbol(s) not found for architecture x86_64
clang: error: linker command failed with exit code 1 (use -v to see invocation)
configure:13163: $? = 1
configure: failed program was:
| /* confdefs.h */
| #define PACKAGE_NAME "libressl"
| #define PACKAGE_TARNAME "libressl"
| #define PACKAGE_VERSION "2.4.5"
| #define PACKAGE_STRING "libressl 2.4.5"
| #define PACKAGE_BUGREPORT ""
| #define PACKAGE_URL ""
| #define PACKAGE "libressl"
| #define VERSION "2.4.5"
| #define STDC_HEADERS 1
| #define HAVE_SYS_TYPES_H 1
| #define HAVE_SYS_STAT_H 1
| #define HAVE_STDLIB_H 1
| #define HAVE_STRING_H 1
| #define HAVE_MEMORY_H 1
| #define HAVE_STRINGS_H 1
| #define HAVE_INTTYPES_H 1
| #define HAVE_STDINT_H 1
| #define HAVE_UNISTD_H 1
| #define HAVE_DLFCN_H 1
| #define LT_OBJDIR ".libs/"
| #define HAVE_SYMLINK 1
| #define HAVE_ERR_H 1
| #define HAVE_READPASSPHRASE_H 1
| #define HAVE_ASPRINTF 1
| #define HAVE_INET_PTON 1
| #define HAVE_MEMMEM 1
| #define HAVE_READPASSPHRASE 1
| #define HAVE_STRLCAT 1
| #define HAVE_STRLCPY 1
| #define HAVE_STRNDUP 1
| #define HAVE_STRNLEN 1
| #define HAVE_STRSEP 1
| #define HAVE_TIMEGM 1
| /* end confdefs.h.  */
| /* Define accept4 to an innocuous variant, in case <limits.h> declares accept4.
|    For example, HP-UX 11i <limits.h> declares gettimeofday.  */
| #define accept4 innocuous_accept4
| 
| /* System header to define __stub macros and hopefully few prototypes,
|     which can conflict with char accept4 (); below.
|     Prefer <limits.h> to <assert.h> if __STDC__ is defined, since
|     <limits.h> exists even on freestanding compilers.  */
| 
| #ifdef __STDC__
| # include <limits.h>
| #else
| # include <assert.h>
| #endif
| 
| #undef accept4
| 
| /* Override any GCC internal prototype to avoid an error.
|    Use char because int might match the return type of a GCC
|    builtin and then its argument prototype would still apply.  */
| #ifdef __cplusplus
| extern "C"
| #endif
| char accept4 ();
| /* The GNU C library defines this for functions which it implements
|     to always fail with ENOSYS.  Some functions are actually named
|     something starting with __ and the normal name is an alias.  */
| #if defined __stub_accept4 || defined __stub___accept4
| choke me
| #endif
| 
| int
| main ()
| {
| return accept4 ();
|   ;
|   return 0;
| }
configure:13163: result: no
configure:13163: checking for pledge
configure:13163: gcc -o conftest -g -O2 -Wall -std=gnu99 -fno-strict-aliasing  -fno-strict-overflow -D_FORTIFY_SOURCE=2 -fstack-protector-strong  -Qunused-arguments -Wno-pointer-sign    -Qunused-arguments conftest.c  >&5
Undefined symbols for architecture x86_64:
  "_pledge", referenced from:
      _main in conftest-9dfb8d.o
ld: symbol(s) not found for architecture x86_64
clang: error: linker command failed with exit code 1 (use -v to see invocation)
configure:13163: $? = 1
configure: failed program was:
| /* confdefs.h */
| #define PACKAGE_NAME "libressl"
| #define PACKAGE_TARNAME "libressl"
| #define PACKAGE_VERSION "2.4.5"
| #define PACKAGE_STRING "libressl 2.4.5"
| #define PACKAGE_BUGREPORT ""
| #define PACKAGE_URL ""
| #define PACKAGE "libressl"
| #define VERSION "2.4.5"
| #define STDC_HEADERS 1
| #define HAVE_SYS_TYPES_H 1
| #define HAVE_SYS_STAT_H 1
| #define HAVE_STDLIB_H 1
| #define HAVE_STRING_H 1
| #define HAVE_MEMORY_H 1
| #define HAVE_STRINGS_H 1
| #define HAVE_INTTYPES_H 1
| #define HAVE_STDINT_H 1
| #define HAVE_UNISTD_H 1
| #define HAVE_DLFCN_H 1
| #define LT_OBJDIR ".libs/"
| #define HAVE_SYMLINK 1
| #define HAVE_ERR_H 1
| #define HAVE_READPASSPHRASE_H 1
| #define HAVE_ASPRINTF 1
| #define HAVE_INET_PTON 1
| #define HAVE_MEMMEM 1
| #define HAVE_READPASSPHRASE 1
| #define HAVE_STRLCAT 1
| #define HAVE_STRLCPY 1
| #define HAVE_STRNDUP 1
| #define HAVE_STRNLEN 1
| #define HAVE_STRSEP 1
| #define HAVE_TIMEGM 1
| /* end confdefs.h.  */
| /* Define pledge to an innocuous variant, in case <limits.h> declares pledge.
|    For example, HP-UX 11i <limits.h> declares gettimeofday.  */
| #define pledge innocuous_pledge
| 
| /* System header to define __stub macros and hopefully few prototypes,
|     which can conflict with char pledge (); below.
|     Prefer <limits.h> to <assert.h> if __STDC__ is defined, since
|     <limits.h> exists even on freestanding compilers.  */
| 
| #ifdef __STDC__
| # include <limits.h>
| #else
| # include <assert.h>
| #endif
| 
| #undef pledge
| 
| /* Override any GCC internal prototype to avoid an error.
|    Use char because int might match the return type of a GCC
|    builtin and then its argument prototype would still apply.  */
| #ifdef __cplusplus
| extern "C"
| #endif
| char pledge ();
| /* The GNU C library defines this for functions which it implements
|     to always fail with ENOSYS.  Some functions are actually named
|     something starting with __ and the normal name is an alias.  */
| #if defined __stub_pledge || defined __stub___pledge
| choke me
| #endif
| 
| int
| main ()
| {
| return pledge ();
|   ;
|   return 0;
| }
configure:13163: result: no
configure:13163: checking for poll
configure:13163: gcc -o conftest -g -O2 -Wall -std=gnu99 -fno-strict-aliasing  -fno-strict-overflow -D_FORTIFY_SOURCE=2 -fstack-protector-strong  -Qunused-arguments -Wno-pointer-sign    -Qunused-arguments conftest.c  >&5
configure:13163: $? = 0
configure:13163: result: yes
configure:13202: checking for arc4random
configure:13202: gcc -o conftest -g -O2 -Wall -std=gnu99 -fno-strict-aliasing  -fno-strict-overflow -D_FORTIFY_SOURCE=2 -fstack-protector-strong  -Qunused-arguments -Wno-pointer-sign    -Qunused-arguments conftest.c  >&5
configure:13202: $? = 0
configure:13202: result: yes
configure:13202: checking for arc4random_buf
configure:13202: gcc -o conftest -g -O2 -Wall -std=gnu99 -fno-strict-aliasing  -fno-strict-overflow -D_FORTIFY_SOURCE=2 -fstack-protector-strong  -Qunused-arguments -Wno-pointer-sign    -Qunused-arguments conftest.c  >&5
configure:13202: $? = 0
configure:13202: result: yes
configure:13202: checking for arc4random_uniform
configure:13202: gcc -o conftest -g -O2 -Wall -std=gnu99 -fno-strict-aliasing  -fno-strict-overflow -D_FORTIFY_SOURCE=2 -fstack-protector-strong  -Qunused-arguments -Wno-pointer-sign    -Qunused-arguments conftest.c  >&5
configure:13202: $? = 0
configure:13202: result: yes
configure:13214: checking for explicit_bzero
configure:13214: gcc -o conftest -g -O2 -Wall -std=gnu99 -fno-strict-aliasing  -fno-strict-overflow -D_FORTIFY_SOURCE=2 -fstack-protector-strong  -Qunused-arguments -Wno-pointer-sign    -Qunused-arguments conftest.c  >&5
Undefined symbols for architecture x86_64:
  "_explicit_bzero", referenced from:
      _main in conftest-2e1489.o
ld: symbol(s) not found for architecture x86_64
clang: error: linker command failed with exit code 1 (use -v to see invocation)
configure:13214: $? = 1
configure: failed program was:
| /* confdefs.h */
| #define PACKAGE_NAME "libressl"
| #define PACKAGE_TARNAME "libressl"
| #define PACKAGE_VERSION "2.4.5"
| #define PACKAGE_STRING "libressl 2.4.5"
| #define PACKAGE_BUGREPORT ""
| #define PACKAGE_URL ""
| #define PACKAGE "libressl"
| #define VERSION "2.4.5"
| #define STDC_HEADERS 1
| #define HAVE_SYS_TYPES_H 1
| #define HAVE_SYS_STAT_H 1
| #define HAVE_STDLIB_H 1
| #define HAVE_STRING_H 1
| #define HAVE_MEMORY_H 1
| #define HAVE_STRINGS_H 1
| #define HAVE_INTTYPES_H 1
| #define HAVE_STDINT_H 1
| #define HAVE_UNISTD_H 1
| #define HAVE_DLFCN_H 1
| #define LT_OBJDIR ".libs/"
| #define HAVE_SYMLINK 1
| #define HAVE_ERR_H 1
| #define HAVE_READPASSPHRASE_H 1
| #define HAVE_ASPRINTF 1
| #define HAVE_INET_PTON 1
| #define HAVE_MEMMEM 1
| #define HAVE_READPASSPHRASE 1
| #define HAVE_STRLCAT 1
| #define HAVE_STRLCPY 1
| #define HAVE_STRNDUP 1
| #define HAVE_STRNLEN 1
| #define HAVE_STRSEP 1
| #define HAVE_TIMEGM 1
| #define HAVE_POLL 1
| #define HAVE_ARC4RANDOM 1
| #define HAVE_ARC4RANDOM_BUF 1
| #define HAVE_ARC4RANDOM_UNIFORM 1
| /* end confdefs.h.  */
| /* Define explicit_bzero to an innocuous variant, in case <limits.h> declares explicit_bzero.
|    For example, HP-UX 11i <limits.h> declares gettimeofday.  */
| #define explicit_bzero innocuous_explicit_bzero
| 
| /* System header to define __stub macros and hopefully few prototypes,
|     which can conflict with char explicit_bzero (); below.
|     Prefer <limits.h> to <assert.h> if __STDC__ is defined, since
|     <limits.h> exists even on freestanding compilers.  */
| 
| #ifdef __STDC__
| # include <limits.h>
| #else
| # include <assert.h>
| #endif
| 
| #undef explicit_bzero
| 
| /* Override any GCC internal prototype to avoid an error.
|    Use char because int might match the return type of a GCC
|    builtin and then its argument prototype would still apply.  */
| #ifdef __cplusplus
| extern "C"
| #endif
| char explicit_bzero ();
| /* The GNU C library defines this for functions which it implements
|     to always fail with ENOSYS.  Some functions are actually named
|     something starting with __ and the normal name is an alias.  */
| #if defined __stub_explicit_bzero || defined __stub___explicit_bzero
| choke me
| #endif
| 
| int
| main ()
| {
| return explicit_bzero ();
|   ;
|   return 0;
| }
configure:13214: result: no
configure:13214: checking for getauxval
configure:13214: gcc -o conftest -g -O2 -Wall -std=gnu99 -fno-strict-aliasing  -fno-strict-overflow -D_FORTIFY_SOURCE=2 -fstack-protector-strong  -Qunused-arguments -Wno-pointer-sign    -Qunused-arguments conftest.c  >&5
Undefined symbols for architecture x86_64:
  "_getauxval", referenced from:
      _main in conftest-9d30f5.o
ld: symbol(s) not found for architecture x86_64
clang: error: linker command failed with exit code 1 (use -v to see invocation)
configure:13214: $? = 1
configure: failed program was:
| /* confdefs.h */
| #define PACKAGE_NAME "libressl"
| #define PACKAGE_TARNAME "libressl"
| #define PACKAGE_VERSION "2.4.5"
| #define PACKAGE_STRING "libressl 2.4.5"
| #define PACKAGE_BUGREPORT ""
| #define PACKAGE_URL ""
| #define PACKAGE "libressl"
| #define VERSION "2.4.5"
| #define STDC_HEADERS 1
| #define HAVE_SYS_TYPES_H 1
| #define HAVE_SYS_STAT_H 1
| #define HAVE_STDLIB_H 1
| #define HAVE_STRING_H 1
| #define HAVE_MEMORY_H 1
| #define HAVE_STRINGS_H 1
| #define HAVE_INTTYPES_H 1
| #define HAVE_STDINT_H 1
| #define HAVE_UNISTD_H 1
| #define HAVE_DLFCN_H 1
| #define LT_OBJDIR ".libs/"
| #define HAVE_SYMLINK 1
| #define HAVE_ERR_H 1
| #define HAVE_READPASSPHRASE_H 1
| #define HAVE_ASPRINTF 1
| #define HAVE_INET_PTON 1
| #define HAVE_MEMMEM 1
| #define HAVE_READPASSPHRASE 1
| #define HAVE_STRLCAT 1
| #define HAVE_STRLCPY 1
| #define HAVE_STRNDUP 1
| #define HAVE_STRNLEN 1
| #define HAVE_STRSEP 1
| #define HAVE_TIMEGM 1
| #define HAVE_POLL 1
| #define HAVE_ARC4RANDOM 1
| #define HAVE_ARC4RANDOM_BUF 1
| #define HAVE_ARC4RANDOM_UNIFORM 1
| /* end confdefs.h.  */
| /* Define getauxval to an innocuous variant, in case <limits.h> declares getauxval.
|    For example, HP-UX 11i <limits.h> declares gettimeofday.  */
| #define getauxval innocuous_getauxval
| 
| /* System header to define __stub macros and hopefully few prototypes,
|     which can conflict with char getauxval (); below.
|     Prefer <limits.h> to <assert.h> if __STDC__ is defined, since
|     <limits.h> exists even on freestanding compilers.  */
| 
| #ifdef __STDC__
| # include <limits.h>
| #else
| # include <assert.h>
| #endif
| 
| #undef getauxval
| 
| /* Override any GCC internal prototype to avoid an error.
|    Use char because int might match the return type of a GCC
|    builtin and then its argument prototype would still apply.  */
| #ifdef __cplusplus
| extern "C"
| #endif
| char getauxval ();
| /* The GNU C library defines this for functions which it implements
|     to always fail with ENOSYS.  Some functions are actually named
|     something starting with __ and the normal name is an alias.  */
| #if defined __stub_getauxval || defined __stub___getauxval
| choke me
| #endif
| 
| int
| main ()
| {
| return getauxval ();
|   ;
|   return 0;
| }
configure:13214: result: no
configure:13224: checking for getentropy
configure:13278: gcc -o conftest -g -O2 -Wall -std=gnu99 -fno-strict-aliasing  -fno-strict-overflow -D_FORTIFY_SOURCE=2 -fstack-protector-strong  -Qunused-arguments -Wno-pointer-sign    -Qunused-arguments conftest.c  >&5
configure:13278: $? = 0
configure:13288: result: yes
configure:13294: checking for timingsafe_bcmp
configure:13294: gcc -o conftest -g -O2 -Wall -std=gnu99 -fno-strict-aliasing  -fno-strict-overflow -D_FORTIFY_SOURCE=2 -fstack-protector-strong  -Qunused-arguments -Wno-pointer-sign    -Qunused-arguments conftest.c  >&5
configure:13294: $? = 0
configure:13294: result: yes
configure:13294: checking for timingsafe_memcmp
configure:13294: gcc -o conftest -g -O2 -Wall -std=gnu99 -fno-strict-aliasing  -fno-strict-overflow -D_FORTIFY_SOURCE=2 -fstack-protector-strong  -Qunused-arguments -Wno-pointer-sign    -Qunused-arguments conftest.c  >&5
Undefined symbols for architecture x86_64:
  "_timingsafe_memcmp", referenced from:
      _main in conftest-0ba692.o
ld: symbol(s) not found for architecture x86_64
clang: error: linker command failed with exit code 1 (use -v to see invocation)
configure:13294: $? = 1
configure: failed program was:
| /* confdefs.h */
| #define PACKAGE_NAME "libressl"
| #define PACKAGE_TARNAME "libressl"
| #define PACKAGE_VERSION "2.4.5"
| #define PACKAGE_STRING "libressl 2.4.5"
| #define PACKAGE_BUGREPORT ""
| #define PACKAGE_URL ""
| #define PACKAGE "libressl"
| #define VERSION "2.4.5"
| #define STDC_HEADERS 1
| #define HAVE_SYS_TYPES_H 1
| #define HAVE_SYS_STAT_H 1
| #define HAVE_STDLIB_H 1
| #define HAVE_STRING_H 1
| #define HAVE_MEMORY_H 1
| #define HAVE_STRINGS_H 1
| #define HAVE_INTTYPES_H 1
| #define HAVE_STDINT_H 1
| #define HAVE_UNISTD_H 1
| #define HAVE_DLFCN_H 1
| #define LT_OBJDIR ".libs/"
| #define HAVE_SYMLINK 1
| #define HAVE_ERR_H 1
| #define HAVE_READPASSPHRASE_H 1
| #define HAVE_ASPRINTF 1
| #define HAVE_INET_PTON 1
| #define HAVE_MEMMEM 1
| #define HAVE_READPASSPHRASE 1
| #define HAVE_STRLCAT 1
| #define HAVE_STRLCPY 1
| #define HAVE_STRNDUP 1
| #define HAVE_STRNLEN 1
| #define HAVE_STRSEP 1
| #define HAVE_TIMEGM 1
| #define HAVE_POLL 1
| #define HAVE_ARC4RANDOM 1
| #define HAVE_ARC4RANDOM_BUF 1
| #define HAVE_ARC4RANDOM_UNIFORM 1
| #define HAVE_TIMINGSAFE_BCMP 1
| /* end confdefs.h.  */
| /* Define timingsafe_memcmp to an innocuous variant, in case <limits.h> declares timingsafe_memcmp.
|    For example, HP-UX 11i <limits.h> declares gettimeofday.  */
| #define timingsafe_memcmp innocuous_timingsafe_memcmp
| 
| /* System header to define __stub macros and hopefully few prototypes,
|     which can conflict with char timingsafe_memcmp (); below.
|     Prefer <limits.h> to <assert.h> if __STDC__ is defined, since
|     <limits.h> exists even on freestanding compilers.  */
| 
| #ifdef __STDC__
| # include <limits.h>
| #else
| # include <assert.h>
| #endif
| 
| #undef timingsafe_memcmp
| 
| /* Override any GCC internal prototype to avoid an error.
|    Use char because int might match the return type of a GCC
|    builtin and then its argument prototype would still apply.  */
| #ifdef __cplusplus
| extern "C"
| #endif
| char timingsafe_memcmp ();
| /* The GNU C library defines this for functions which it implements
|     to always fail with ENOSYS.  Some functions are actually named
|     something starting with __ and the normal name is an alias.  */
| #if defined __stub_timingsafe_memcmp || defined __stub___timingsafe_memcmp
| choke me
| #endif
| 
| int
| main ()
| {
| return timingsafe_memcmp ();
|   ;
|   return 0;
| }
configure:13294: result: no
configure:13372: checking for getauxval
configure:13372: result: no
configure:13377: checking for library containing clock_gettime
configure:13408: gcc -o conftest -g -O2 -Wall -std=gnu99 -fno-strict-aliasing  -fno-strict-overflow -D_FORTIFY_SOURCE=2 -fstack-protector-strong  -Qunused-arguments -Wno-pointer-sign    -Qunused-arguments conftest.c  >&5
configure:13408: $? = 0
configure:13425: result: none required
configure:13433: checking for clock_gettime
configure:13433: gcc -o conftest -g -O2 -Wall -std=gnu99 -fno-strict-aliasing  -fno-strict-overflow -D_FORTIFY_SOURCE=2 -fstack-protector-strong  -Qunused-arguments -Wno-pointer-sign    -Qunused-arguments conftest.c  >&5
configure:13433: $? = 0
configure:13433: result: yes
configure:13438: checking for library containing dl_iterate_phdr
configure:13469: gcc -o conftest -g -O2 -Wall -std=gnu99 -fno-strict-aliasing  -fno-strict-overflow -D_FORTIFY_SOURCE=2 -fstack-protector-strong  -Qunused-arguments -Wno-pointer-sign    -Qunused-arguments conftest.c  >&5
Undefined symbols for architecture x86_64:
  "_dl_iterate_phdr", referenced from:
      _main in conftest-357393.o
ld: symbol(s) not found for architecture x86_64
clang: error: linker command failed with exit code 1 (use -v to see invocation)
configure:13469: $? = 1
configure: failed program was:
| /* confdefs.h */
| #define PACKAGE_NAME "libressl"
| #define PACKAGE_TARNAME "libressl"
| #define PACKAGE_VERSION "2.4.5"
| #define PACKAGE_STRING "libressl 2.4.5"
| #define PACKAGE_BUGREPORT ""
| #define PACKAGE_URL ""
| #define PACKAGE "libressl"
| #define VERSION "2.4.5"
| #define STDC_HEADERS 1
| #define HAVE_SYS_TYPES_H 1
| #define HAVE_SYS_STAT_H 1
| #define HAVE_STDLIB_H 1
| #define HAVE_STRING_H 1
| #define HAVE_MEMORY_H 1
| #define HAVE_STRINGS_H 1
| #define HAVE_INTTYPES_H 1
| #define HAVE_STDINT_H 1
| #define HAVE_UNISTD_H 1
| #define HAVE_DLFCN_H 1
| #define LT_OBJDIR ".libs/"
| #define HAVE_SYMLINK 1
| #define HAVE_ERR_H 1
| #define HAVE_READPASSPHRASE_H 1
| #define HAVE_ASPRINTF 1
| #define HAVE_INET_PTON 1
| #define HAVE_MEMMEM 1
| #define HAVE_READPASSPHRASE 1
| #define HAVE_STRLCAT 1
| #define HAVE_STRLCPY 1
| #define HAVE_STRNDUP 1
| #define HAVE_STRNLEN 1
| #define HAVE_STRSEP 1
| #define HAVE_TIMEGM 1
| #define HAVE_POLL 1
| #define HAVE_ARC4RANDOM 1
| #define HAVE_ARC4RANDOM_BUF 1
| #define HAVE_ARC4RANDOM_UNIFORM 1
| #define HAVE_TIMINGSAFE_BCMP 1
| /* end confdefs.h.  */
| 
| /* Override any GCC internal prototype to avoid an error.
|    Use char because int might match the return type of a GCC
|    builtin and then its argument prototype would still apply.  */
| #ifdef __cplusplus
| extern "C"
| #endif
| char dl_iterate_phdr ();
| int
| main ()
| {
| return dl_iterate_phdr ();
|   ;
|   return 0;
| }
configure:13469: gcc -o conftest -g -O2 -Wall -std=gnu99 -fno-strict-aliasing  -fno-strict-overflow -D_FORTIFY_SOURCE=2 -fstack-protector-strong  -Qunused-arguments -Wno-pointer-sign    -Qunused-arguments conftest.c -ldl   >&5
Undefined symbols for architecture x86_64:
  "_dl_iterate_phdr", referenced from:
      _main in conftest-3cd5b3.o
ld: symbol(s) not found for architecture x86_64
clang: error: linker command failed with exit code 1 (use -v to see invocation)
configure:13469: $? = 1
configure: failed program was:
| /* confdefs.h */
| #define PACKAGE_NAME "libressl"
| #define PACKAGE_TARNAME "libressl"
| #define PACKAGE_VERSION "2.4.5"
| #define PACKAGE_STRING "libressl 2.4.5"
| #define PACKAGE_BUGREPORT ""
| #define PACKAGE_URL ""
| #define PACKAGE "libressl"
| #define VERSION "2.4.5"
| #define STDC_HEADERS 1
| #define HAVE_SYS_TYPES_H 1
| #define HAVE_SYS_STAT_H 1
| #define HAVE_STDLIB_H 1
| #define HAVE_STRING_H 1
| #define HAVE_MEMORY_H 1
| #define HAVE_STRINGS_H 1
| #define HAVE_INTTYPES_H 1
| #define HAVE_STDINT_H 1
| #define HAVE_UNISTD_H 1
| #define HAVE_DLFCN_H 1
| #define LT_OBJDIR ".libs/"
| #define HAVE_SYMLINK 1
| #define HAVE_ERR_H 1
| #define HAVE_READPASSPHRASE_H 1
| #define HAVE_ASPRINTF 1
| #define HAVE_INET_PTON 1
| #define HAVE_MEMMEM 1
| #define HAVE_READPASSPHRASE 1
| #define HAVE_STRLCAT 1
| #define HAVE_STRLCPY 1
| #define HAVE_STRNDUP 1
| #define HAVE_STRNLEN 1
| #define HAVE_STRSEP 1
| #define HAVE_TIMEGM 1
| #define HAVE_POLL 1
| #define HAVE_ARC4RANDOM 1
| #define HAVE_ARC4RANDOM_BUF 1
| #define HAVE_ARC4RANDOM_UNIFORM 1
| #define HAVE_TIMINGSAFE_BCMP 1
| /* end confdefs.h.  */
| 
| /* Override any GCC internal prototype to avoid an error.
|    Use char because int might match the return type of a GCC
|    builtin and then its argument prototype would still apply.  */
| #ifdef __cplusplus
| extern "C"
| #endif
| char dl_iterate_phdr ();
| int
| main ()
| {
| return dl_iterate_phdr ();
|   ;
|   return 0;
| }
configure:13486: result: no
configure:13494: checking for dl_iterate_phdr
configure:13494: gcc -o conftest -g -O2 -Wall -std=gnu99 -fno-strict-aliasing  -fno-strict-overflow -D_FORTIFY_SOURCE=2 -fstack-protector-strong  -Qunused-arguments -Wno-pointer-sign    -Qunused-arguments conftest.c  >&5
Undefined symbols for architecture x86_64:
  "_dl_iterate_phdr", referenced from:
      _main in conftest-dc9326.o
ld: symbol(s) not found for architecture x86_64
clang: error: linker command failed with exit code 1 (use -v to see invocation)
configure:13494: $? = 1
configure: failed program was:
| /* confdefs.h */
| #define PACKAGE_NAME "libressl"
| #define PACKAGE_TARNAME "libressl"
| #define PACKAGE_VERSION "2.4.5"
| #define PACKAGE_STRING "libressl 2.4.5"
| #define PACKAGE_BUGREPORT ""
| #define PACKAGE_URL ""
| #define PACKAGE "libressl"
| #define VERSION "2.4.5"
| #define STDC_HEADERS 1
| #define HAVE_SYS_TYPES_H 1
| #define HAVE_SYS_STAT_H 1
| #define HAVE_STDLIB_H 1
| #define HAVE_STRING_H 1
| #define HAVE_MEMORY_H 1
| #define HAVE_STRINGS_H 1
| #define HAVE_INTTYPES_H 1
| #define HAVE_STDINT_H 1
| #define HAVE_UNISTD_H 1
| #define HAVE_DLFCN_H 1
| #define LT_OBJDIR ".libs/"
| #define HAVE_SYMLINK 1
| #define HAVE_ERR_H 1
| #define HAVE_READPASSPHRASE_H 1
| #define HAVE_ASPRINTF 1
| #define HAVE_INET_PTON 1
| #define HAVE_MEMMEM 1
| #define HAVE_READPASSPHRASE 1
| #define HAVE_STRLCAT 1
| #define HAVE_STRLCPY 1
| #define HAVE_STRNDUP 1
| #define HAVE_STRNLEN 1
| #define HAVE_STRSEP 1
| #define HAVE_TIMEGM 1
| #define HAVE_POLL 1
| #define HAVE_ARC4RANDOM 1
| #define HAVE_ARC4RANDOM_BUF 1
| #define HAVE_ARC4RANDOM_UNIFORM 1
| #define HAVE_TIMINGSAFE_BCMP 1
| /* end confdefs.h.  */
| /* Define dl_iterate_phdr to an innocuous variant, in case <limits.h> declares dl_iterate_phdr.
|    For example, HP-UX 11i <limits.h> declares gettimeofday.  */
| #define dl_iterate_phdr innocuous_dl_iterate_phdr
| 
| /* System header to define __stub macros and hopefully few prototypes,
|     which can conflict with char dl_iterate_phdr (); below.
|     Prefer <limits.h> to <assert.h> if __STDC__ is defined, since
|     <limits.h> exists even on freestanding compilers.  */
| 
| #ifdef __STDC__
| # include <limits.h>
| #else
| # include <assert.h>
| #endif
| 
| #undef dl_iterate_phdr
| 
| /* Override any GCC internal prototype to avoid an error.
|    Use char because int might match the return type of a GCC
|    builtin and then its argument prototype would still apply.  */
| #ifdef __cplusplus
| extern "C"
| #endif
| char dl_iterate_phdr ();
| /* The GNU C library defines this for functions which it implements
|     to always fail with ENOSYS.  Some functions are actually named
|     something starting with __ and the normal name is an alias.  */
| #if defined __stub_dl_iterate_phdr || defined __stub___dl_iterate_phdr
| choke me
| #endif
| 
| int
| main ()
| {
| return dl_iterate_phdr ();
|   ;
|   return 0;
| }
configure:13494: result: no
configure:13501: checking whether va_copy exists
configure:13521: gcc -o conftest -g -O2 -Wall -std=gnu99 -fno-strict-aliasing  -fno-strict-overflow -D_FORTIFY_SOURCE=2 -fstack-protector-strong  -Qunused-arguments -Wno-pointer-sign    -Qunused-arguments conftest.c  >&5
configure:13521: $? = 0
configure:13531: result: yes
configure:13539: checking whether __va_copy exists
configure:13559: gcc -o conftest -g -O2 -Wall -std=gnu99 -fno-strict-aliasing  -fno-strict-overflow -D_FORTIFY_SOURCE=2 -fstack-protector-strong  -Qunused-arguments -Wno-pointer-sign    -Qunused-arguments conftest.c  >&5
configure:13559: $? = 0
configure:13569: result: yes
configure:13578: checking for library containing b64_ntop
configure:13609: gcc -o conftest -g -O2 -Wall -std=gnu99 -fno-strict-aliasing  -fno-strict-overflow -D_FORTIFY_SOURCE=2 -fstack-protector-strong  -Qunused-arguments -Wno-pointer-sign    -Qunused-arguments conftest.c  >&5
Undefined symbols for architecture x86_64:
  "_b64_ntop", referenced from:
      _main in conftest-f09acd.o
ld: symbol(s) not found for architecture x86_64
clang: error: linker command failed with exit code 1 (use -v to see invocation)
configure:13609: $? = 1
configure: failed program was:
| /* confdefs.h */
| #define PACKAGE_NAME "libressl"
| #define PACKAGE_TARNAME "libressl"
| #define PACKAGE_VERSION "2.4.5"
| #define PACKAGE_STRING "libressl 2.4.5"
| #define PACKAGE_BUGREPORT ""
| #define PACKAGE_URL ""
| #define PACKAGE "libressl"
| #define VERSION "2.4.5"
| #define STDC_HEADERS 1
| #define HAVE_SYS_TYPES_H 1
| #define HAVE_SYS_STAT_H 1
| #define HAVE_STDLIB_H 1
| #define HAVE_STRING_H 1
| #define HAVE_MEMORY_H 1
| #define HAVE_STRINGS_H 1
| #define HAVE_INTTYPES_H 1
| #define HAVE_STDINT_H 1
| #define HAVE_UNISTD_H 1
| #define HAVE_DLFCN_H 1
| #define LT_OBJDIR ".libs/"
| #define HAVE_SYMLINK 1
| #define HAVE_ERR_H 1
| #define HAVE_READPASSPHRASE_H 1
| #define HAVE_ASPRINTF 1
| #define HAVE_INET_PTON 1
| #define HAVE_MEMMEM 1
| #define HAVE_READPASSPHRASE 1
| #define HAVE_STRLCAT 1
| #define HAVE_STRLCPY 1
| #define HAVE_STRNDUP 1
| #define HAVE_STRNLEN 1
| #define HAVE_STRSEP 1
| #define HAVE_TIMEGM 1
| #define HAVE_POLL 1
| #define HAVE_ARC4RANDOM 1
| #define HAVE_ARC4RANDOM_BUF 1
| #define HAVE_ARC4RANDOM_UNIFORM 1
| #define HAVE_TIMINGSAFE_BCMP 1
| #define HAVE_VA_COPY 1
| #define HAVE___VA_COPY 1
| /* end confdefs.h.  */
| 
| /* Override any GCC internal prototype to avoid an error.
|    Use char because int might match the return type of a GCC
|    builtin and then its argument prototype would still apply.  */
| #ifdef __cplusplus
| extern "C"
| #endif
| char b64_ntop ();
| int
| main ()
| {
| return b64_ntop ();
|   ;
|   return 0;
| }
configure:13609: gcc -o conftest -g -O2 -Wall -std=gnu99 -fno-strict-aliasing  -fno-strict-overflow -D_FORTIFY_SOURCE=2 -fstack-protector-strong  -Qunused-arguments -Wno-pointer-sign    -Qunused-arguments conftest.c -lresolv   >&5
Undefined symbols for architecture x86_64:
  "_b64_ntop", referenced from:
      _main in conftest-698225.o
ld: symbol(s) not found for architecture x86_64
clang: error: linker command failed with exit code 1 (use -v to see invocation)
configure:13609: $? = 1
configure: failed program was:
| /* confdefs.h */
| #define PACKAGE_NAME "libressl"
| #define PACKAGE_TARNAME "libressl"
| #define PACKAGE_VERSION "2.4.5"
| #define PACKAGE_STRING "libressl 2.4.5"
| #define PACKAGE_BUGREPORT ""
| #define PACKAGE_URL ""
| #define PACKAGE "libressl"
| #define VERSION "2.4.5"
| #define STDC_HEADERS 1
| #define HAVE_SYS_TYPES_H 1
| #define HAVE_SYS_STAT_H 1
| #define HAVE_STDLIB_H 1
| #define HAVE_STRING_H 1
| #define HAVE_MEMORY_H 1
| #define HAVE_STRINGS_H 1
| #define HAVE_INTTYPES_H 1
| #define HAVE_STDINT_H 1
| #define HAVE_UNISTD_H 1
| #define HAVE_DLFCN_H 1
| #define LT_OBJDIR ".libs/"
| #define HAVE_SYMLINK 1
| #define HAVE_ERR_H 1
| #define HAVE_READPASSPHRASE_H 1
| #define HAVE_ASPRINTF 1
| #define HAVE_INET_PTON 1
| #define HAVE_MEMMEM 1
| #define HAVE_READPASSPHRASE 1
| #define HAVE_STRLCAT 1
| #define HAVE_STRLCPY 1
| #define HAVE_STRNDUP 1
| #define HAVE_STRNLEN 1
| #define HAVE_STRSEP 1
| #define HAVE_TIMEGM 1
| #define HAVE_POLL 1
| #define HAVE_ARC4RANDOM 1
| #define HAVE_ARC4RANDOM_BUF 1
| #define HAVE_ARC4RANDOM_UNIFORM 1
| #define HAVE_TIMINGSAFE_BCMP 1
| #define HAVE_VA_COPY 1
| #define HAVE___VA_COPY 1
| /* end confdefs.h.  */
| 
| /* Override any GCC internal prototype to avoid an error.
|    Use char because int might match the return type of a GCC
|    builtin and then its argument prototype would still apply.  */
| #ifdef __cplusplus
| extern "C"
| #endif
| char b64_ntop ();
| int
| main ()
| {
| return b64_ntop ();
|   ;
|   return 0;
| }
configure:13626: result: no
configure:13634: checking for library containing __b64_ntop
configure:13665: gcc -o conftest -g -O2 -Wall -std=gnu99 -fno-strict-aliasing  -fno-strict-overflow -D_FORTIFY_SOURCE=2 -fstack-protector-strong  -Qunused-arguments -Wno-pointer-sign    -Qunused-arguments conftest.c  >&5
Undefined symbols for architecture x86_64:
  "___b64_ntop", referenced from:
      _main in conftest-28acc0.o
ld: symbol(s) not found for architecture x86_64
clang: error: linker command failed with exit code 1 (use -v to see invocation)
configure:13665: $? = 1
configure: failed program was:
| /* confdefs.h */
| #define PACKAGE_NAME "libressl"
| #define PACKAGE_TARNAME "libressl"
| #define PACKAGE_VERSION "2.4.5"
| #define PACKAGE_STRING "libressl 2.4.5"
| #define PACKAGE_BUGREPORT ""
| #define PACKAGE_URL ""
| #define PACKAGE "libressl"
| #define VERSION "2.4.5"
| #define STDC_HEADERS 1
| #define HAVE_SYS_TYPES_H 1
| #define HAVE_SYS_STAT_H 1
| #define HAVE_STDLIB_H 1
| #define HAVE_STRING_H 1
| #define HAVE_MEMORY_H 1
| #define HAVE_STRINGS_H 1
| #define HAVE_INTTYPES_H 1
| #define HAVE_STDINT_H 1
| #define HAVE_UNISTD_H 1
| #define HAVE_DLFCN_H 1
| #define LT_OBJDIR ".libs/"
| #define HAVE_SYMLINK 1
| #define HAVE_ERR_H 1
| #define HAVE_READPASSPHRASE_H 1
| #define HAVE_ASPRINTF 1
| #define HAVE_INET_PTON 1
| #define HAVE_MEMMEM 1
| #define HAVE_READPASSPHRASE 1
| #define HAVE_STRLCAT 1
| #define HAVE_STRLCPY 1
| #define HAVE_STRNDUP 1
| #define HAVE_STRNLEN 1
| #define HAVE_STRSEP 1
| #define HAVE_TIMEGM 1
| #define HAVE_POLL 1
| #define HAVE_ARC4RANDOM 1
| #define HAVE_ARC4RANDOM_BUF 1
| #define HAVE_ARC4RANDOM_UNIFORM 1
| #define HAVE_TIMINGSAFE_BCMP 1
| #define HAVE_VA_COPY 1
| #define HAVE___VA_COPY 1
| /* end confdefs.h.  */
| 
| /* Override any GCC internal prototype to avoid an error.
|    Use char because int might match the return type of a GCC
|    builtin and then its argument prototype would still apply.  */
| #ifdef __cplusplus
| extern "C"
| #endif
| char __b64_ntop ();
| int
| main ()
| {
| return __b64_ntop ();
|   ;
|   return 0;
| }
configure:13665: gcc -o conftest -g -O2 -Wall -std=gnu99 -fno-strict-aliasing  -fno-strict-overflow -D_FORTIFY_SOURCE=2 -fstack-protector-strong  -Qunused-arguments -Wno-pointer-sign    -Qunused-arguments conftest.c -lresolv   >&5
Undefined symbols for architecture x86_64:
  "___b64_ntop", referenced from:
      _main in conftest-b155c9.o
ld: symbol(s) not found for architecture x86_64
clang: error: linker command failed with exit code 1 (use -v to see invocation)
configure:13665: $? = 1
configure: failed program was:
| /* confdefs.h */
| #define PACKAGE_NAME "libressl"
| #define PACKAGE_TARNAME "libressl"
| #define PACKAGE_VERSION "2.4.5"
| #define PACKAGE_STRING "libressl 2.4.5"
| #define PACKAGE_BUGREPORT ""
| #define PACKAGE_URL ""
| #define PACKAGE "libressl"
| #define VERSION "2.4.5"
| #define STDC_HEADERS 1
| #define HAVE_SYS_TYPES_H 1
| #define HAVE_SYS_STAT_H 1
| #define HAVE_STDLIB_H 1
| #define HAVE_STRING_H 1
| #define HAVE_MEMORY_H 1
| #define HAVE_STRINGS_H 1
| #define HAVE_INTTYPES_H 1
| #define HAVE_STDINT_H 1
| #define HAVE_UNISTD_H 1
| #define HAVE_DLFCN_H 1
| #define LT_OBJDIR ".libs/"
| #define HAVE_SYMLINK 1
| #define HAVE_ERR_H 1
| #define HAVE_READPASSPHRASE_H 1
| #define HAVE_ASPRINTF 1
| #define HAVE_INET_PTON 1
| #define HAVE_MEMMEM 1
| #define HAVE_READPASSPHRASE 1
| #define HAVE_STRLCAT 1
| #define HAVE_STRLCPY 1
| #define HAVE_STRNDUP 1
| #define HAVE_STRNLEN 1
| #define HAVE_STRSEP 1
| #define HAVE_TIMEGM 1
| #define HAVE_POLL 1
| #define HAVE_ARC4RANDOM 1
| #define HAVE_ARC4RANDOM_BUF 1
| #define HAVE_ARC4RANDOM_UNIFORM 1
| #define HAVE_TIMINGSAFE_BCMP 1
| #define HAVE_VA_COPY 1
| #define HAVE___VA_COPY 1
| /* end confdefs.h.  */
| 
| /* Override any GCC internal prototype to avoid an error.
|    Use char because int might match the return type of a GCC
|    builtin and then its argument prototype would still apply.  */
| #ifdef __cplusplus
| extern "C"
| #endif
| char __b64_ntop ();
| int
| main ()
| {
| return __b64_ntop ();
|   ;
|   return 0;
| }
configure:13682: result: no
configure:13690: checking for b64_ntop
configure:13713: gcc -o conftest -g -O2 -Wall -std=gnu99 -fno-strict-aliasing  -fno-strict-overflow -D_FORTIFY_SOURCE=2 -fstack-protector-strong  -Qunused-arguments -Wno-pointer-sign    -Qunused-arguments conftest.c  >&5
Undefined symbols for architecture x86_64:
  "_res_9_b64_ntop", referenced from:
      _main in conftest-df61ff.o
ld: symbol(s) not found for architecture x86_64
clang: error: linker command failed with exit code 1 (use -v to see invocation)
configure:13713: $? = 1
configure: failed program was:
| /* confdefs.h */
| #define PACKAGE_NAME "libressl"
| #define PACKAGE_TARNAME "libressl"
| #define PACKAGE_VERSION "2.4.5"
| #define PACKAGE_STRING "libressl 2.4.5"
| #define PACKAGE_BUGREPORT ""
| #define PACKAGE_URL ""
| #define PACKAGE "libressl"
| #define VERSION "2.4.5"
| #define STDC_HEADERS 1
| #define HAVE_SYS_TYPES_H 1
| #define HAVE_SYS_STAT_H 1
| #define HAVE_STDLIB_H 1
| #define HAVE_STRING_H 1
| #define HAVE_MEMORY_H 1
| #define HAVE_STRINGS_H 1
| #define HAVE_INTTYPES_H 1
| #define HAVE_STDINT_H 1
| #define HAVE_UNISTD_H 1
| #define HAVE_DLFCN_H 1
| #define LT_OBJDIR ".libs/"
| #define HAVE_SYMLINK 1
| #define HAVE_ERR_H 1
| #define HAVE_READPASSPHRASE_H 1
| #define HAVE_ASPRINTF 1
| #define HAVE_INET_PTON 1
| #define HAVE_MEMMEM 1
| #define HAVE_READPASSPHRASE 1
| #define HAVE_STRLCAT 1
| #define HAVE_STRLCPY 1
| #define HAVE_STRNDUP 1
| #define HAVE_STRNLEN 1
| #define HAVE_STRSEP 1
| #define HAVE_TIMEGM 1
| #define HAVE_POLL 1
| #define HAVE_ARC4RANDOM 1
| #define HAVE_ARC4RANDOM_BUF 1
| #define HAVE_ARC4RANDOM_UNIFORM 1
| #define HAVE_TIMINGSAFE_BCMP 1
| #define HAVE_VA_COPY 1
| #define HAVE___VA_COPY 1
| /* end confdefs.h.  */
| 
| #include <sys/types.h>
| #include <sys/socket.h>
| #include <netinet/in.h>
| #include <arpa/inet.h>
| #include <resolv.h>
| 
| int
| main ()
| {
|  b64_ntop(NULL, 0, NULL, 0);
|   ;
|   return 0;
| }
configure:13723: result: no
configure:13769: checking if BSWAP4 builds without __STRICT_ALIGNMENT
configure:13782: gcc -c -g -O2 -Wall -std=gnu99 -fno-strict-aliasing  -fno-strict-overflow -D_FORTIFY_SOURCE=2 -fstack-protector-strong  -Qunused-arguments -Wno-pointer-sign -I./include  conftest.c >&5
configure:13782: $? = 0
configure:13783: result: yes
configure:13811: checking if .gnu.warning accepts long strings
configure:13821: gcc -o conftest -g -O2 -Wall -std=gnu99 -fno-strict-aliasing  -fno-strict-overflow -D_FORTIFY_SOURCE=2 -fstack-protector-strong  -Qunused-arguments -Wno-pointer-sign    -Qunused-arguments conftest.c  >&5
<inline asm>:1:35: error: unexpected token in '.section' directive
.section .gnu.warning.SSLv3_method; .ascii "SSLv3_method is insecure" ; .text
                                  ^
1 error generated.
configure:13821: $? = 1
configure: failed program was:
| /* confdefs.h */
| #define PACKAGE_NAME "libressl"
| #define PACKAGE_TARNAME "libressl"
| #define PACKAGE_VERSION "2.4.5"
| #define PACKAGE_STRING "libressl 2.4.5"
| #define PACKAGE_BUGREPORT ""
| #define PACKAGE_URL ""
| #define PACKAGE "libressl"
| #define VERSION "2.4.5"
| #define STDC_HEADERS 1
| #define HAVE_SYS_TYPES_H 1
| #define HAVE_SYS_STAT_H 1
| #define HAVE_STDLIB_H 1
| #define HAVE_STRING_H 1
| #define HAVE_MEMORY_H 1
| #define HAVE_STRINGS_H 1
| #define HAVE_INTTYPES_H 1
| #define HAVE_STDINT_H 1
| #define HAVE_UNISTD_H 1
| #define HAVE_DLFCN_H 1
| #define LT_OBJDIR ".libs/"
| #define HAVE_SYMLINK 1
| #define HAVE_ERR_H 1
| #define HAVE_READPASSPHRASE_H 1
| #define HAVE_ASPRINTF 1
| #define HAVE_INET_PTON 1
| #define HAVE_MEMMEM 1
| #define HAVE_READPASSPHRASE 1
| #define HAVE_STRLCAT 1
| #define HAVE_STRLCPY 1
| #define HAVE_STRNDUP 1
| #define HAVE_STRNLEN 1
| #define HAVE_STRSEP 1
| #define HAVE_TIMEGM 1
| #define HAVE_POLL 1
| #define HAVE_ARC4RANDOM 1
| #define HAVE_ARC4RANDOM_BUF 1
| #define HAVE_ARC4RANDOM_UNIFORM 1
| #define HAVE_TIMINGSAFE_BCMP 1
| #define HAVE_VA_COPY 1
| #define HAVE___VA_COPY 1
| /* end confdefs.h.  */
| 
| extern void SSLv3_method();
| __asm__(".section .gnu.warning.SSLv3_method; .ascii \"SSLv3_method is insecure\" ; .text");
| int main() {return 0;}
| 
configure:13831: result: no
configure:13875: checking size of time_t
configure:13880: gcc -o conftest -g -O2 -Wall -std=gnu99 -fno-strict-aliasing  -fno-strict-overflow -D_FORTIFY_SOURCE=2 -fstack-protector-strong  -Qunused-arguments -Wno-pointer-sign    -Qunused-arguments conftest.c  >&5
configure:13880: $? = 0
configure:13880: ./conftest
configure:13880: $? = 0
configure:13894: result: 8
configure:14068: checking that generated files are newer than configure
configure:14074: result: done
configure:14273: creating ./config.status

## ---------------------- ##
## Running config.status. ##
## ---------------------- ##

This file was extended by libressl config.status 2.4.5, which was
generated by GNU Autoconf 2.69.  Invocation command line was

  CONFIG_FILES    = 
  CONFIG_HEADERS  = 
  CONFIG_LINKS    = 
  CONFIG_COMMANDS = 
  $ ./config.status 

on Traviss-MBP

config.status:1112: creating Makefile
config.status:1112: creating include/Makefile
config.status:1112: creating include/openssl/Makefile
config.status:1112: creating crypto/Makefile
config.status:1112: creating ssl/Makefile
config.status:1112: creating tls/Makefile
config.status:1112: creating tests/Makefile
config.status:1112: creating apps/Makefile
config.status:1112: creating apps/openssl/Makefile
config.status:1112: creating apps/nc/Makefile
config.status:1112: creating man/Makefile
config.status:1112: creating libcrypto.pc
config.status:1112: creating libssl.pc
config.status:1112: creating libtls.pc
config.status:1112: creating openssl.pc
config.status:1284: executing depfiles commands
config.status:1284: executing libtool commands

## ---------------- ##
## Cache variables. ##
## ---------------- ##

ac_cv_build=x86_64-apple-darwin16.7.0
ac_cv_c_compiler_gnu=yes
ac_cv_env_CCASFLAGS_set=
ac_cv_env_CCASFLAGS_value=
ac_cv_env_CCAS_set=
ac_cv_env_CCAS_value=
ac_cv_env_CC_set=
ac_cv_env_CC_value=
ac_cv_env_CFLAGS_set=
ac_cv_env_CFLAGS_value=
ac_cv_env_CPPFLAGS_set=
ac_cv_env_CPPFLAGS_value=
ac_cv_env_CPP_set=
ac_cv_env_CPP_value=
ac_cv_env_LDFLAGS_set=
ac_cv_env_LDFLAGS_value=
ac_cv_env_LIBS_set=
ac_cv_env_LIBS_value=
ac_cv_env_build_alias_set=
ac_cv_env_build_alias_value=
ac_cv_env_host_alias_set=
ac_cv_env_host_alias_value=
ac_cv_env_target_alias_set=
ac_cv_env_target_alias_value=
ac_cv_func__mkgmtime=no
ac_cv_func_accept4=no
ac_cv_func_arc4random=yes
ac_cv_func_arc4random_buf=yes
ac_cv_func_arc4random_uniform=yes
ac_cv_func_asprintf=yes
ac_cv_func_clock_gettime=yes
ac_cv_func_dl_iterate_phdr=no
ac_cv_func_explicit_bzero=no
ac_cv_func_funopen=yes
ac_cv_func_getauxval=no
ac_cv_func_getentropy=yes
ac_cv_func_inet_pton=yes
ac_cv_func_memmem=yes
ac_cv_func_pledge=no
ac_cv_func_poll=yes
ac_cv_func_readpassphrase=yes
ac_cv_func_reallocarray=no
ac_cv_func_strlcat=yes
ac_cv_func_strlcpy=yes
ac_cv_func_strndup=yes
ac_cv_func_strnlen=yes
ac_cv_func_strsep=yes
ac_cv_func_strtonum=no
ac_cv_func_symlink=yes
ac_cv_func_timegm=yes
ac_cv_func_timingsafe_bcmp=yes
ac_cv_func_timingsafe_memcmp=no
ac_cv_have___va_copy=yes
ac_cv_have_b64_ntop_arg=no
ac_cv_have_va_copy=yes
ac_cv_header_arpa_telnet_h=yes
ac_cv_header_dlfcn_h=yes
ac_cv_header_err_h=yes
ac_cv_header_inttypes_h=yes
ac_cv_header_memory_h=yes
ac_cv_header_readpassphrase_h=yes
ac_cv_header_stdc=yes
ac_cv_header_stdint_h=yes
ac_cv_header_stdlib_h=yes
ac_cv_header_string_h=yes
ac_cv_header_strings_h=yes
ac_cv_header_sys_stat_h=yes
ac_cv_header_sys_types_h=yes
ac_cv_header_unistd_h=yes
ac_cv_host=x86_64-apple-darwin16.7.0
ac_cv_objext=o
ac_cv_path_EGREP='/usr/bin/grep -E'
ac_cv_path_FGREP='/usr/bin/grep -F'
ac_cv_path_GREP=/usr/bin/grep
ac_cv_path_SED=/usr/bin/sed
ac_cv_path_install='/usr/local/bin/ginstall -c'
ac_cv_path_mkdir=/usr/local/bin/gmkdir
ac_cv_prog_AWK=awk
ac_cv_prog_CPP='gcc -E'
ac_cv_prog_ac_ct_AR=ar
ac_cv_prog_ac_ct_CC=gcc
ac_cv_prog_ac_ct_DSYMUTIL=dsymutil
ac_cv_prog_ac_ct_LIPO=lipo
ac_cv_prog_ac_ct_NMEDIT=nmedit
ac_cv_prog_ac_ct_OBJDUMP=objdump
ac_cv_prog_ac_ct_OTOOL=otool
ac_cv_prog_ac_ct_RANLIB=ranlib
ac_cv_prog_ac_ct_STRIP=strip
ac_cv_prog_cc_c89=
ac_cv_prog_cc_c99=
ac_cv_prog_cc_g=yes
ac_cv_prog_cc_stdc=
ac_cv_prog_make_make_set=yes
ac_cv_search___b64_ntop=no
ac_cv_search_b64_ntop=no
ac_cv_search_clock_gettime='none required'
ac_cv_search_dl_iterate_phdr=no
ac_cv_sizeof_time_t=8
am_cv_CCAS_dependencies_compiler_type=gcc3
am_cv_CC_dependencies_compiler_type=gcc3
am_cv_make_support_nested_variables=yes
am_cv_prog_cc_c_o=yes
lt_cv_apple_cc_single_mod=yes
lt_cv_ar_at_file=no
lt_cv_deplibs_check_method=pass_all
lt_cv_file_magic_cmd='$MAGIC_CMD'
lt_cv_file_magic_test_file=
lt_cv_ld_exported_symbols_list=yes
lt_cv_ld_force_load=yes
lt_cv_ld_reload_flag=-r
lt_cv_nm_interface='BSD nm'
lt_cv_objdir=.libs
lt_cv_path_LD=/Library/Developer/CommandLineTools/usr/bin/ld
lt_cv_path_NM='/usr/bin/nm -B'
lt_cv_path_mainfest_tool=no
lt_cv_prog_compiler_c_o=yes
lt_cv_prog_compiler_pic='-fno-common -DPIC'
lt_cv_prog_compiler_pic_works=yes
lt_cv_prog_compiler_rtti_exceptions=yes
lt_cv_prog_compiler_static_works=no
lt_cv_prog_gnu_ld=no
lt_cv_sharedlib_from_linklib_cmd='printf %s\n'
lt_cv_sys_global_symbol_pipe='sed -n -e '\''s/^.*[	 ]\([BCDEGRST][BCDEGRST]*\)[	 ][	 ]*_\([_A-Za-z][_A-Za-z0-9]*\)$/\1 _\2 \2/p'\'' | sed '\''/ __gnu_lto/d'\'''
lt_cv_sys_global_symbol_to_c_name_address='sed -n -e '\''s/^: \([^ ]*\)[ ]*$/  {\"\1\", (void *) 0},/p'\'' -e '\''s/^[BCDEGRST]* \([^ ]*\) \([^ ]*\)$/  {"\2", (void *) \&\2},/p'\'''
lt_cv_sys_global_symbol_to_c_name_address_lib_prefix='sed -n -e '\''s/^: \([^ ]*\)[ ]*$/  {\"\1\", (void *) 0},/p'\'' -e '\''s/^[BCDEGRST]* \([^ ]*\) \(lib[^ ]*\)$/  {"\2", (void *) \&\2},/p'\'' -e '\''s/^[BCDEGRST]* \([^ ]*\) \([^ ]*\)$/  {"lib\2", (void *) \&\2},/p'\'''
lt_cv_sys_global_symbol_to_cdecl='sed -n -e '\''s/^T .* \(.*\)$/extern int \1();/p'\'' -e '\''s/^[BCDEGRST]* .* \(.*\)$/extern char \1;/p'\'''
lt_cv_sys_max_cmd_len=196608
lt_cv_to_host_file_cmd=func_convert_file_noop
lt_cv_to_tool_file_cmd=func_convert_file_noop

## ----------------- ##
## Output variables. ##
## ----------------- ##

ACLOCAL='${SHELL} /Users/travisgalloway/github/h2o/libressl-2.4.5/missing aclocal-1.15'
AMDEPBACKSLASH='\'
AMDEP_FALSE='#'
AMDEP_TRUE=''
AMTAR='$${TAR-tar}'
AM_BACKSLASH='\'
AM_DEFAULT_V='$(AM_DEFAULT_VERBOSITY)'
AM_DEFAULT_VERBOSITY='0'
AM_V='$(V)'
AR='ar'
AUTOCONF='${SHELL} /Users/travisgalloway/github/h2o/libressl-2.4.5/missing autoconf'
AUTOHEADER='${SHELL} /Users/travisgalloway/github/h2o/libressl-2.4.5/missing autoheader'
AUTOMAKE='${SHELL} /Users/travisgalloway/github/h2o/libressl-2.4.5/missing automake-1.15'
AWK='awk'
BUILD_CERTHASH_FALSE='#'
BUILD_CERTHASH_TRUE=''
BUILD_NC_FALSE='#'
BUILD_NC_TRUE=''
CC='gcc'
CCAS='gcc'
CCASDEPMODE='depmode=gcc3'
CCASFLAGS='-g -O2 -Wall -std=gnu99 -fno-strict-aliasing  -fno-strict-overflow -D_FORTIFY_SOURCE=2 -fstack-protector-strong '
CCDEPMODE='depmode=gcc3'
CFLAGS='-g -O2 -Wall -std=gnu99 -fno-strict-aliasing  -fno-strict-overflow -D_FORTIFY_SOURCE=2 -fstack-protector-strong  -Qunused-arguments -Wno-pointer-sign'
CPP='gcc -E'
CPPFLAGS=''
CYGPATH_W='echo'
DEFS='-DPACKAGE_NAME=\"libressl\" -DPACKAGE_TARNAME=\"libressl\" -DPACKAGE_VERSION=\"2.4.5\" -DPACKAGE_STRING=\"libressl\ 2.4.5\" -DPACKAGE_BUGREPORT=\"\" -DPACKAGE_URL=\"\" -DPACKAGE=\"libressl\" -DVERSION=\"2.4.5\" -DSTDC_HEADERS=1 -DHAVE_SYS_TYPES_H=1 -DHAVE_SYS_STAT_H=1 -DHAVE_STDLIB_H=1 -DHAVE_STRING_H=1 -DHAVE_MEMORY_H=1 -DHAVE_STRINGS_H=1 -DHAVE_INTTYPES_H=1 -DHAVE_STDINT_H=1 -DHAVE_UNISTD_H=1 -DHAVE_DLFCN_H=1 -DLT_OBJDIR=\".libs/\" -DHAVE_SYMLINK=1 -DHAVE_ERR_H=1 -DHAVE_READPASSPHRASE_H=1 -DHAVE_ASPRINTF=1 -DHAVE_INET_PTON=1 -DHAVE_MEMMEM=1 -DHAVE_READPASSPHRASE=1 -DHAVE_STRLCAT=1 -DHAVE_STRLCPY=1 -DHAVE_STRNDUP=1 -DHAVE_STRNLEN=1 -DHAVE_STRSEP=1 -DHAVE_TIMEGM=1 -DHAVE_POLL=1 -DHAVE_ARC4RANDOM=1 -DHAVE_ARC4RANDOM_BUF=1 -DHAVE_ARC4RANDOM_UNIFORM=1 -DHAVE_TIMINGSAFE_BCMP=1 -DHAVE_VA_COPY=1 -DHAVE___VA_COPY=1 -DSIZEOF_TIME_T=8'
DEPDIR='.deps'
DLLTOOL='false'
DSYMUTIL='dsymutil'
DUMPBIN=''
ECHO_C='\c'
ECHO_N=''
ECHO_T=''
EGREP='/usr/bin/grep -E'
ENABLE_EXTRATESTS_FALSE=''
ENABLE_EXTRATESTS_TRUE='#'
ENABLE_NC_FALSE=''
ENABLE_NC_TRUE='#'
EXEEXT=''
FGREP='/usr/bin/grep -F'
GREP='/usr/bin/grep'
HAVE_ACCEPT4_FALSE=''
HAVE_ACCEPT4_TRUE='#'
HAVE_ARC4RANDOM_BUF_FALSE='#'
HAVE_ARC4RANDOM_BUF_TRUE=''
HAVE_ARC4RANDOM_FALSE='#'
HAVE_ARC4RANDOM_TRUE=''
HAVE_ARC4RANDOM_UNIFORM_FALSE='#'
HAVE_ARC4RANDOM_UNIFORM_TRUE=''
HAVE_ASPRINTF_FALSE='#'
HAVE_ASPRINTF_TRUE=''
HAVE_B64_NTOP_FALSE=''
HAVE_B64_NTOP_TRUE='#'
HAVE_EXPLICIT_BZERO_FALSE=''
HAVE_EXPLICIT_BZERO_TRUE='#'
HAVE_GETENTROPY_FALSE='#'
HAVE_GETENTROPY_TRUE=''
HAVE_INET_PTON_FALSE='#'
HAVE_INET_PTON_TRUE=''
HAVE_MEMMEM_FALSE='#'
HAVE_MEMMEM_TRUE=''
HAVE_PLEDGE_FALSE=''
HAVE_PLEDGE_TRUE='#'
HAVE_POLL_FALSE='#'
HAVE_POLL_TRUE=''
HAVE_READPASSPHRASE_FALSE='#'
HAVE_READPASSPHRASE_TRUE=''
HAVE_REALLOCARRAY_FALSE=''
HAVE_REALLOCARRAY_TRUE='#'
HAVE_STRLCAT_FALSE='#'
HAVE_STRLCAT_TRUE=''
HAVE_STRLCPY_FALSE='#'
HAVE_STRLCPY_TRUE=''
HAVE_STRNDUP_FALSE='#'
HAVE_STRNDUP_TRUE=''
HAVE_STRNLEN_FALSE='#'
HAVE_STRNLEN_TRUE=''
HAVE_STRSEP_FALSE='#'
HAVE_STRSEP_TRUE=''
HAVE_STRTONUM_FALSE=''
HAVE_STRTONUM_TRUE='#'
HAVE_TIMEGM_FALSE='#'
HAVE_TIMEGM_TRUE=''
HAVE_TIMINGSAFE_BCMP_FALSE='#'
HAVE_TIMINGSAFE_BCMP_TRUE=''
HAVE_TIMINGSAFE_MEMCMP_FALSE=''
HAVE_TIMINGSAFE_MEMCMP_TRUE='#'
HOST_AIX_FALSE=''
HOST_AIX_TRUE='#'
HOST_ASM_ELF_X86_64_FALSE=''
HOST_ASM_ELF_X86_64_TRUE='#'
HOST_ASM_MACOSX_X86_64_FALSE=''
HOST_ASM_MACOSX_X86_64_TRUE='#'
HOST_CYGWIN_FALSE=''
HOST_CYGWIN_TRUE='#'
HOST_DARWIN_FALSE='#'
HOST_DARWIN_TRUE=''
HOST_FREEBSD_FALSE=''
HOST_FREEBSD_TRUE='#'
HOST_HPUX_FALSE=''
HOST_HPUX_TRUE='#'
HOST_LINUX_FALSE=''
HOST_LINUX_TRUE='#'
HOST_NETBSD_FALSE=''
HOST_NETBSD_TRUE='#'
HOST_OPENBSD_FALSE=''
HOST_OPENBSD_TRUE='#'
HOST_SOLARIS_FALSE=''
HOST_SOLARIS_TRUE='#'
HOST_WIN_FALSE=''
HOST_WIN_TRUE='#'
INSTALL_DATA='${INSTALL} -m 644'
INSTALL_PROGRAM='${INSTALL}'
INSTALL_SCRIPT='${INSTALL}'
INSTALL_STRIP_PROGRAM='$(install_sh) -c -s'
LD='/Library/Developer/CommandLineTools/usr/bin/ld'
LDFLAGS='  -Qunused-arguments'
LIBCRYPTO_VERSION='38:0:0'
LIBOBJS=''
LIBS=''
LIBSSL_VERSION='39:0:0'
LIBTLS_VERSION='11:0:0'
LIBTOOL='$(SHELL) $(top_builddir)/libtool'
LIPO='lipo'
LN_S='ln -s'
LTLIBOBJS=''
MAKEINFO='${SHELL} /Users/travisgalloway/github/h2o/libressl-2.4.5/missing makeinfo'
MANIFEST_TOOL=':'
MKDIR_P='/usr/local/bin/gmkdir -p'
NM='/usr/bin/nm -B'
NMEDIT='nmedit'
OBJDUMP='objdump'
OBJEXT='o'
OPENSSLDIR=''
OPENSSLDIR_DEFINED_FALSE=''
OPENSSLDIR_DEFINED_TRUE='#'
OPENSSL_NO_ASM_FALSE='#'
OPENSSL_NO_ASM_TRUE=''
OTOOL64=':'
OTOOL='otool'
PACKAGE='libressl'
PACKAGE_BUGREPORT=''
PACKAGE_NAME='libressl'
PACKAGE_STRING='libressl 2.4.5'
PACKAGE_TARNAME='libressl'
PACKAGE_URL=''
PACKAGE_VERSION='2.4.5'
PATH_SEPARATOR=':'
PLATFORM_LDADD=''
PROG_LDADD=''
RANLIB='ranlib'
SED='/usr/bin/sed'
SET_MAKE=''
SHELL='/bin/sh'
SMALL_TIME_T_FALSE=''
SMALL_TIME_T_TRUE='#'
STRIP='strip'
VERSION='2.4.5'
ac_ct_AR='ar'
ac_ct_CC='gcc'
ac_ct_DUMPBIN=''
am__EXEEXT_FALSE=''
am__EXEEXT_TRUE='#'
am__fastdepCCAS_FALSE='#'
am__fastdepCCAS_TRUE=''
am__fastdepCC_FALSE='#'
am__fastdepCC_TRUE=''
am__include='include'
am__isrc=''
am__leading_dot='.'
am__nodep='_no'
am__quote=''
am__tar='$${TAR-tar} chof - "$$tardir"'
am__untar='$${TAR-tar} xf -'
bindir='${exec_prefix}/bin'
build='x86_64-apple-darwin16.7.0'
build_alias=''
build_cpu='x86_64'
build_os='darwin16.7.0'
build_vendor='apple'
datadir='${datarootdir}'
datarootdir='${prefix}/share'
docdir='${datarootdir}/doc/${PACKAGE_TARNAME}'
dvidir='${docdir}'
exec_prefix='${prefix}'
host='x86_64-apple-darwin16.7.0'
host_alias=''
host_cpu='x86_64'
host_os='darwin16.7.0'
host_vendor='apple'
htmldir='${docdir}'
includedir='${prefix}/include'
infodir='${datarootdir}/info'
install_sh='${SHELL} /Users/travisgalloway/github/h2o/libressl-2.4.5/install-sh'
libdir='/Users/travisgalloway/github/h2o/libressl-build/lib'
libexecdir='${exec_prefix}/libexec'
localedir='${datarootdir}/locale'
localstatedir='${prefix}/var'
mandir='${datarootdir}/man'
mkdir_p='$(MKDIR_P)'
oldincludedir='/usr/include'
pdfdir='${docdir}'
prefix='/Users/travisgalloway/github/h2o/libressl-build'
program_transform_name='s,x,x,'
psdir='${docdir}'
sbindir='${exec_prefix}/sbin'
sharedstatedir='${prefix}/com'
sysconfdir='${prefix}/etc'
target_alias=''

## ----------- ##
## confdefs.h. ##
## ----------- ##

/* confdefs.h */
#define PACKAGE_NAME "libressl"
#define PACKAGE_TARNAME "libressl"
#define PACKAGE_VERSION "2.4.5"
#define PACKAGE_STRING "libressl 2.4.5"
#define PACKAGE_BUGREPORT ""
#define PACKAGE_URL ""
#define PACKAGE "libressl"
#define VERSION "2.4.5"
#define STDC_HEADERS 1
#define HAVE_SYS_TYPES_H 1
#define HAVE_SYS_STAT_H 1
#define HAVE_STDLIB_H 1
#define HAVE_STRING_H 1
#define HAVE_MEMORY_H 1
#define HAVE_STRINGS_H 1
#define HAVE_INTTYPES_H 1
#define HAVE_STDINT_H 1
#define HAVE_UNISTD_H 1
#define HAVE_DLFCN_H 1
#define LT_OBJDIR ".libs/"
#define HAVE_SYMLINK 1
#define HAVE_ERR_H 1
#define HAVE_READPASSPHRASE_H 1
#define HAVE_ASPRINTF 1
#define HAVE_INET_PTON 1
#define HAVE_MEMMEM 1
#define HAVE_READPASSPHRASE 1
#define HAVE_STRLCAT 1
#define HAVE_STRLCPY 1
#define HAVE_STRNDUP 1
#define HAVE_STRNLEN 1
#define HAVE_STRSEP 1
#define HAVE_TIMEGM 1
#define HAVE_POLL 1
#define HAVE_ARC4RANDOM 1
#define HAVE_ARC4RANDOM_BUF 1
#define HAVE_ARC4RANDOM_UNIFORM 1
#define HAVE_TIMINGSAFE_BCMP 1
#define HAVE_VA_COPY 1
#define HAVE___VA_COPY 1
#define SIZEOF_TIME_T 8

configure: exit 0
